ARM GAS  C:\Users\zpstrwy\AppData\Local\Temp\ccs9nBbl.s 			page 1


   1              		.cpu cortex-m0
   2              		.fpu softvfp
   3              		.eabi_attribute 20, 1
   4              		.eabi_attribute 21, 1
   5              		.eabi_attribute 23, 3
   6              		.eabi_attribute 24, 1
   7              		.eabi_attribute 25, 1
   8              		.eabi_attribute 26, 1
   9              		.eabi_attribute 30, 6
  10              		.eabi_attribute 34, 0
  11              		.eabi_attribute 18, 4
  12              		.code	16
  13              		.file	"app_ble.c"
  14              		.text
  15              	.Ltext0:
  16              		.cfi_sections	.debug_frame
  17              		.global	b_newcmd
  18              		.bss
  19              		.type	b_newcmd, %object
  20              		.size	b_newcmd, 1
  21              	b_newcmd:
  22 0000 00       		.space	1
  23              		.global	alertLevel
  24              		.type	alertLevel, %object
  25              		.size	alertLevel, 1
  26              	alertLevel:
  27 0001 00       		.space	1
  28              		.section	.text.StackEventHandler,"ax",%progbits
  29              		.align	2
  30              		.global	StackEventHandler
  31              		.code	16
  32              		.thumb_func
  33              		.type	StackEventHandler, %function
  34              	StackEventHandler:
  35              	.LFB37:
  36              		.file 1 ".\\app_ble.c"
   1:.\app_ble.c   **** #include <project.h>
   2:.\app_ble.c   **** #include "common.h"
   3:.\app_ble.c   **** #include "app_ble.h"
   4:.\app_ble.c   **** 
   5:.\app_ble.c   **** /*******************************************************************************
   6:.\app_ble.c   **** * Function Name: StackEventHandler
   7:.\app_ble.c   **** ********************************************************************************
   8:.\app_ble.c   **** *
   9:.\app_ble.c   **** * Summary:
  10:.\app_ble.c   **** *  This is an event callback function to receive events from the BLE Component.
  11:.\app_ble.c   **** *
  12:.\app_ble.c   **** * Parameters:
  13:.\app_ble.c   **** *  uint8 event:       Event from the CYBLE component
  14:.\app_ble.c   **** *  void* eventParams: A structure instance for corresponding event type. The
  15:.\app_ble.c   **** *                     list of event structure is described in the component
  16:.\app_ble.c   **** *                     datasheet.
  17:.\app_ble.c   **** *
  18:.\app_ble.c   **** * Return:
  19:.\app_ble.c   **** *  None
  20:.\app_ble.c   **** *
  21:.\app_ble.c   **** *******************************************************************************/
ARM GAS  C:\Users\zpstrwy\AppData\Local\Temp\ccs9nBbl.s 			page 2


  22:.\app_ble.c   **** uint8 b_newcmd = 0;
  23:.\app_ble.c   **** uint8 alertLevel = 0;
  24:.\app_ble.c   **** 
  25:.\app_ble.c   **** void StackEventHandler(uint32 event, void *eventParam)
  26:.\app_ble.c   **** {
  37              		.loc 1 26 0
  38              		.cfi_startproc
  39 0000 90B5     		push	{r4, r7, lr}
  40              		.cfi_def_cfa_offset 12
  41              		.cfi_offset 4, -12
  42              		.cfi_offset 7, -8
  43              		.cfi_offset 14, -4
  44 0002 89B0     		sub	sp, sp, #36
  45              		.cfi_def_cfa_offset 48
  46 0004 00AF     		add	r7, sp, #0
  47              		.cfi_def_cfa_register 7
  48 0006 7860     		str	r0, [r7, #4]
  49 0008 3960     		str	r1, [r7]
  27:.\app_ble.c   **** 	volatile uint8 recthing;
  28:.\app_ble.c   **** 	volatile CYBLE_GATTS_WRITE_REQ_PARAM_T temp;
  29:.\app_ble.c   ****     switch(event)
  50              		.loc 1 29 0
  51 000a 7B68     		ldr	r3, [r7, #4]
  52 000c 272B     		cmp	r3, #39
  53 000e 3DD0     		beq	.L3
  54 0010 1CD8     		bhi	.L4
  55 0012 222B     		cmp	r3, #34
  56 0014 00D1     		bne	.LCB21
  57 0016 69E0     		b	.L28	@long jump
  58              	.LCB21:
  59 0018 0DD8     		bhi	.L6
  60 001a 032B     		cmp	r3, #3
  61 001c 00D1     		bne	.LCB25
  62 001e 67E0     		b	.L29	@long jump
  63              	.LCB25:
  64 0020 02D8     		bhi	.L8
  65 0022 012B     		cmp	r3, #1
  66 0024 2BD0     		beq	.L9
  30:.\app_ble.c   ****     {
  31:.\app_ble.c   ****         /* Mandatory events to be handled by Find Me Target design */
  32:.\app_ble.c   ****         case CYBLE_EVT_STACK_ON:
  33:.\app_ble.c   ****         case CYBLE_EVT_GAP_DEVICE_DISCONNECTED:
  34:.\app_ble.c   ****             /* Start BLE advertisement for 30 seconds and update link
  35:.\app_ble.c   ****              * status on LEDs */
  36:.\app_ble.c   ****            CyBle_GappStartAdvertisement(CYBLE_ADVERTISING_FAST);
  37:.\app_ble.c   ****             Advertising_LED_Write(LED_ON);
  38:.\app_ble.c   ****             break;
  39:.\app_ble.c   ****         case CYBLE_EVT_GAP_DEVICE_CONNECTED:
  40:.\app_ble.c   ****             /* BLE link is established */
  41:.\app_ble.c   ****             Advertising_LED_Write(LED_OFF);
  42:.\app_ble.c   ****             Alert_LED_Write(LED_ON);
  43:.\app_ble.c   ****             break;
  44:.\app_ble.c   **** 
  45:.\app_ble.c   ****         case CYBLE_EVT_GAPP_ADVERTISEMENT_START_STOP:
  46:.\app_ble.c   ****             if(CyBle_GetState() == CYBLE_STATE_DISCONNECTED)
  47:.\app_ble.c   ****             {
  48:.\app_ble.c   ****                 /* Advertisement event timed out, go to low power
ARM GAS  C:\Users\zpstrwy\AppData\Local\Temp\ccs9nBbl.s 			page 3


  49:.\app_ble.c   ****                  * mode (Stop mode) and wait for device reset
  50:.\app_ble.c   ****                  * event to wake up the device again */
  51:.\app_ble.c   ****                 Advertising_LED_Write(LED_OFF);
  52:.\app_ble.c   ****                 Disconnect_LED_Write(LED_ON);
  53:.\app_ble.c   ****                 CySysPmSetWakeupPolarity(CY_PM_STOP_WAKEUP_ACTIVE_HIGH);
  54:.\app_ble.c   ****                 CySysPmStop();
  55:.\app_ble.c   ****                
  56:.\app_ble.c   ****                 /* Code execution will not reach here */
  57:.\app_ble.c   ****             }
  58:.\app_ble.c   ****             break;
  59:.\app_ble.c   **** 
  60:.\app_ble.c   ****         /* Other events that are generated by the BLE Component that
  61:.\app_ble.c   ****          * are not required for functioning of this design */
  62:.\app_ble.c   ****         /**********************************************************
  63:.\app_ble.c   ****         *                       General Events
  64:.\app_ble.c   ****         ***********************************************************/
  65:.\app_ble.c   ****         case CYBLE_EVT_HARDWARE_ERROR:    /* This event indicates that some internal HW error has o
  66:.\app_ble.c   ****             break;
  67:.\app_ble.c   **** 
  68:.\app_ble.c   ****         case CYBLE_EVT_HCI_STATUS:
  69:.\app_ble.c   ****             break;
  70:.\app_ble.c   **** 
  71:.\app_ble.c   ****         /**********************************************************
  72:.\app_ble.c   ****         *                       GAP Events
  73:.\app_ble.c   ****         ***********************************************************/
  74:.\app_ble.c   ****         case CYBLE_EVT_GAP_AUTH_REQ:
  75:.\app_ble.c   ****             break;
  76:.\app_ble.c   **** 
  77:.\app_ble.c   ****         case CYBLE_EVT_GAP_PASSKEY_ENTRY_REQUEST:
  78:.\app_ble.c   ****             break;
  79:.\app_ble.c   **** 
  80:.\app_ble.c   ****         case CYBLE_EVT_GAP_PASSKEY_DISPLAY_REQUEST:
  81:.\app_ble.c   ****             break;
  82:.\app_ble.c   **** 
  83:.\app_ble.c   ****         case CYBLE_EVT_GAP_AUTH_COMPLETE:
  84:.\app_ble.c   **** 
  85:.\app_ble.c   ****             break;
  86:.\app_ble.c   ****         case CYBLE_EVT_GAP_AUTH_FAILED:
  87:.\app_ble.c   **** 
  88:.\app_ble.c   ****             break;
  89:.\app_ble.c   **** 
  90:.\app_ble.c   ****         case CYBLE_EVT_GAP_ENCRYPT_CHANGE:
  91:.\app_ble.c   ****             break;
  92:.\app_ble.c   **** 
  93:.\app_ble.c   ****         case CYBLE_EVT_GAPC_CONNECTION_UPDATE_COMPLETE:
  94:.\app_ble.c   ****             break;
  95:.\app_ble.c   **** 
  96:.\app_ble.c   ****         /**********************************************************
  97:.\app_ble.c   ****         *                       GATT Events
  98:.\app_ble.c   ****         ***********************************************************/
  99:.\app_ble.c   ****         case CYBLE_EVT_GATT_CONNECT_IND:
 100:.\app_ble.c   ****             break;
 101:.\app_ble.c   **** 
 102:.\app_ble.c   ****         case CYBLE_EVT_GATT_DISCONNECT_IND:
 103:.\app_ble.c   ****             break;
 104:.\app_ble.c   **** 
 105:.\app_ble.c   ****         case CYBLE_EVT_GATTS_XCNHG_MTU_REQ:
ARM GAS  C:\Users\zpstrwy\AppData\Local\Temp\ccs9nBbl.s 			page 4


 106:.\app_ble.c   ****             break;
 107:.\app_ble.c   **** 
 108:.\app_ble.c   ****         case CYBLE_EVT_GATTS_READ_CHAR_VAL_ACCESS_REQ:
 109:.\app_ble.c   ****             break;
 110:.\app_ble.c   **** 
 111:.\app_ble.c   ****         /**********************************************************
 112:.\app_ble.c   ****         *                       Other Events
 113:.\app_ble.c   ****         ***********************************************************/
 114:.\app_ble.c   ****         case CYBLE_EVT_PENDING_FLASH_WRITE:
 115:.\app_ble.c   ****             break;
 116:.\app_ble.c   **** 		case CYBLE_EVT_GATTS_WRITE_REQ:
 117:.\app_ble.c   ****         case    CYBLE_EVT_GATTS_WRITE_CMD_REQ:
 118:.\app_ble.c   **** 			temp = *((CYBLE_GATTS_WRITE_REQ_PARAM_T *)eventParam);
 119:.\app_ble.c   **** 			recthing = *(temp.handleValPair.value.val);
 120:.\app_ble.c   **** 			b_newcmd = 1;
 121:.\app_ble.c   **** 			alertLevel = recthing;
 122:.\app_ble.c   **** 			break;
 123:.\app_ble.c   ****         default:
 124:.\app_ble.c   ****             break;
  67              		.loc 1 124 0
  68 0026 7CE0     		b	.L1
  69              	.L8:
  29:.\app_ble.c   ****     {
  70              		.loc 1 29 0
  71 0028 042B     		cmp	r3, #4
  72 002a 00D1     		bne	.LCB35
  73 002c 62E0     		b	.L30	@long jump
  74              	.LCB35:
  75 002e 212B     		cmp	r3, #33
  76 0030 00D1     		bne	.LCB37
  77 0032 61E0     		b	.L31	@long jump
  78              	.LCB37:
  79              		.loc 1 124 0
  80 0034 75E0     		b	.L1
  81              	.L6:
  29:.\app_ble.c   ****     {
  82              		.loc 1 29 0
  83 0036 242B     		cmp	r3, #36
  84 0038 00D1     		bne	.LCB43
  85 003a 5FE0     		b	.L32	@long jump
  86              	.LCB43:
  87 003c 00D2     		bcs	.LCB45
  88 003e 5FE0     		b	.L33	@long jump
  89              	.LCB45:
  90 0040 252B     		cmp	r3, #37
  91 0042 00D1     		bne	.LCB47
  92 0044 5EE0     		b	.L34	@long jump
  93              	.LCB47:
  94 0046 262B     		cmp	r3, #38
  95 0048 27D0     		beq	.L15
  96              		.loc 1 124 0
  97 004a 6AE0     		b	.L1
  98              	.L4:
  29:.\app_ble.c   ****     {
  99              		.loc 1 29 0
 100 004c 422B     		cmp	r3, #66
 101 004e 00D1     		bne	.LCB55
ARM GAS  C:\Users\zpstrwy\AppData\Local\Temp\ccs9nBbl.s 			page 5


 102 0050 5AE0     		b	.L35	@long jump
 103              	.LCB55:
 104 0052 07D8     		bhi	.L17
 105 0054 292B     		cmp	r3, #41
 106 0056 59D0     		beq	.L36
 107 0058 11D3     		bcc	.L9
 108 005a 2A2B     		cmp	r3, #42
 109 005c 58D0     		beq	.L37
 110 005e 412B     		cmp	r3, #65
 111 0060 58D0     		beq	.L38
 112              		.loc 1 124 0
 113 0062 5EE0     		b	.L1
 114              	.L17:
  29:.\app_ble.c   ****     {
 115              		.loc 1 29 0
 116 0064 4E2B     		cmp	r3, #78
 117 0066 29D0     		beq	.L21
 118 0068 04D8     		bhi	.L22
 119 006a 432B     		cmp	r3, #67
 120 006c 54D0     		beq	.L39
 121 006e 4C2B     		cmp	r3, #76
 122 0070 24D0     		beq	.L21
 123              		.loc 1 124 0
 124 0072 56E0     		b	.L1
 125              	.L22:
  29:.\app_ble.c   ****     {
 126              		.loc 1 29 0
 127 0074 572B     		cmp	r3, #87
 128 0076 51D0     		beq	.L40
 129 0078 FA2B     		cmp	r3, #250
 130 007a 51D0     		beq	.L41
 131              		.loc 1 124 0
 132 007c 51E0     		b	.L1
 133              	.L9:
  36:.\app_ble.c   ****             Advertising_LED_Write(LED_ON);
 134              		.loc 1 36 0
 135 007e 0020     		mov	r0, #0
 136 0080 FFF7FEFF 		bl	CyBle_GappStartAdvertisement
  37:.\app_ble.c   ****             break;
 137              		.loc 1 37 0
 138 0084 0020     		mov	r0, #0
 139 0086 FFF7FEFF 		bl	Advertising_LED_Write
  38:.\app_ble.c   ****         case CYBLE_EVT_GAP_DEVICE_CONNECTED:
 140              		.loc 1 38 0
 141 008a 4AE0     		b	.L1
 142              	.L3:
  41:.\app_ble.c   ****             Alert_LED_Write(LED_ON);
 143              		.loc 1 41 0
 144 008c 0120     		mov	r0, #1
 145 008e FFF7FEFF 		bl	Advertising_LED_Write
  42:.\app_ble.c   ****             break;
 146              		.loc 1 42 0
 147 0092 0020     		mov	r0, #0
 148 0094 FFF7FEFF 		bl	Alert_LED_Write
  43:.\app_ble.c   **** 
 149              		.loc 1 43 0
 150 0098 43E0     		b	.L1
ARM GAS  C:\Users\zpstrwy\AppData\Local\Temp\ccs9nBbl.s 			page 6


 151              	.L15:
  46:.\app_ble.c   ****             {
 152              		.loc 1 46 0
 153 009a 234B     		ldr	r3, .L42
 154 009c 1B78     		ldrb	r3, [r3]
 155 009e 042B     		cmp	r3, #4
 156 00a0 0BD1     		bne	.L27
  51:.\app_ble.c   ****                 Disconnect_LED_Write(LED_ON);
 157              		.loc 1 51 0
 158 00a2 0120     		mov	r0, #1
 159 00a4 FFF7FEFF 		bl	Advertising_LED_Write
  52:.\app_ble.c   ****                 CySysPmSetWakeupPolarity(CY_PM_STOP_WAKEUP_ACTIVE_HIGH);
 160              		.loc 1 52 0
 161 00a8 0020     		mov	r0, #0
 162 00aa FFF7FEFF 		bl	Disconnect_LED_Write
  53:.\app_ble.c   ****                 CySysPmStop();
 163              		.loc 1 53 0
 164 00ae 0120     		mov	r0, #1
 165 00b0 FFF7FEFF 		bl	CySysPmSetWakeupPolarity
  54:.\app_ble.c   ****                
 166              		.loc 1 54 0
 167 00b4 FFF7FEFF 		bl	CySysPmStop
  58:.\app_ble.c   **** 
 168              		.loc 1 58 0
 169 00b8 33E0     		b	.L1
 170              	.L27:
 171 00ba 32E0     		b	.L1
 172              	.L21:
 118:.\app_ble.c   **** 			recthing = *(temp.handleValPair.value.val);
 173              		.loc 1 118 0
 174 00bc 0C23     		mov	r3, #12
 175 00be FB18     		add	r3, r7, r3
 176 00c0 3A68     		ldr	r2, [r7]
 177 00c2 13CA     		ldmia	r2!, {r0, r1, r4}
 178 00c4 13C3     		stmia	r3!, {r0, r1, r4}
 179 00c6 1268     		ldr	r2, [r2]
 180 00c8 1A60     		str	r2, [r3]
 119:.\app_ble.c   **** 			b_newcmd = 1;
 181              		.loc 1 119 0
 182 00ca 0C23     		mov	r3, #12
 183 00cc FB18     		add	r3, r7, r3
 184 00ce 5B68     		ldr	r3, [r3, #4]
 185 00d0 1A78     		ldrb	r2, [r3]
 186 00d2 1F23     		mov	r3, #31
 187 00d4 FB18     		add	r3, r7, r3
 188 00d6 1A70     		strb	r2, [r3]
 120:.\app_ble.c   **** 			alertLevel = recthing;
 189              		.loc 1 120 0
 190 00d8 144B     		ldr	r3, .L42+4
 191 00da 0122     		mov	r2, #1
 192 00dc 1A70     		strb	r2, [r3]
 121:.\app_ble.c   **** 			break;
 193              		.loc 1 121 0
 194 00de 1F23     		mov	r3, #31
 195 00e0 FB18     		add	r3, r7, r3
 196 00e2 1B78     		ldrb	r3, [r3]
 197 00e4 DAB2     		uxtb	r2, r3
ARM GAS  C:\Users\zpstrwy\AppData\Local\Temp\ccs9nBbl.s 			page 7


 198 00e6 124B     		ldr	r3, .L42+8
 199 00e8 1A70     		strb	r2, [r3]
 122:.\app_ble.c   ****         default:
 200              		.loc 1 122 0
 201 00ea 1AE0     		b	.L1
 202              	.L28:
  78:.\app_ble.c   **** 
 203              		.loc 1 78 0
 204 00ec C046     		mov	r8, r8
 205 00ee 18E0     		b	.L1
 206              	.L29:
  66:.\app_ble.c   **** 
 207              		.loc 1 66 0
 208 00f0 C046     		mov	r8, r8
 209 00f2 16E0     		b	.L1
 210              	.L30:
  69:.\app_ble.c   **** 
 211              		.loc 1 69 0
 212 00f4 C046     		mov	r8, r8
 213 00f6 14E0     		b	.L1
 214              	.L31:
  75:.\app_ble.c   **** 
 215              		.loc 1 75 0
 216 00f8 C046     		mov	r8, r8
 217 00fa 12E0     		b	.L1
 218              	.L32:
  85:.\app_ble.c   ****         case CYBLE_EVT_GAP_AUTH_FAILED:
 219              		.loc 1 85 0
 220 00fc C046     		mov	r8, r8
 221 00fe 10E0     		b	.L1
 222              	.L33:
  81:.\app_ble.c   **** 
 223              		.loc 1 81 0
 224 0100 C046     		mov	r8, r8
 225 0102 0EE0     		b	.L1
 226              	.L34:
  88:.\app_ble.c   **** 
 227              		.loc 1 88 0
 228 0104 C046     		mov	r8, r8
 229 0106 0CE0     		b	.L1
 230              	.L35:
 103:.\app_ble.c   **** 
 231              		.loc 1 103 0
 232 0108 C046     		mov	r8, r8
 233 010a 0AE0     		b	.L1
 234              	.L36:
  91:.\app_ble.c   **** 
 235              		.loc 1 91 0
 236 010c C046     		mov	r8, r8
 237 010e 08E0     		b	.L1
 238              	.L37:
  94:.\app_ble.c   **** 
 239              		.loc 1 94 0
 240 0110 C046     		mov	r8, r8
 241 0112 06E0     		b	.L1
 242              	.L38:
 100:.\app_ble.c   **** 
ARM GAS  C:\Users\zpstrwy\AppData\Local\Temp\ccs9nBbl.s 			page 8


 243              		.loc 1 100 0
 244 0114 C046     		mov	r8, r8
 245 0116 04E0     		b	.L1
 246              	.L39:
 106:.\app_ble.c   **** 
 247              		.loc 1 106 0
 248 0118 C046     		mov	r8, r8
 249 011a 02E0     		b	.L1
 250              	.L40:
 109:.\app_ble.c   **** 
 251              		.loc 1 109 0
 252 011c C046     		mov	r8, r8
 253 011e 00E0     		b	.L1
 254              	.L41:
 115:.\app_ble.c   **** 		case CYBLE_EVT_GATTS_WRITE_REQ:
 255              		.loc 1 115 0
 256 0120 C046     		mov	r8, r8
 257              	.L1:
 125:.\app_ble.c   ****     }
 126:.\app_ble.c   **** }
 258              		.loc 1 126 0
 259 0122 BD46     		mov	sp, r7
 260 0124 09B0     		add	sp, sp, #36
 261              		@ sp needed
 262 0126 90BD     		pop	{r4, r7, pc}
 263              	.L43:
 264              		.align	2
 265              	.L42:
 266 0128 00000000 		.word	cyBle_state
 267 012c 00000000 		.word	b_newcmd
 268 0130 00000000 		.word	alertLevel
 269              		.cfi_endproc
 270              	.LFE37:
 271              		.size	StackEventHandler, .-StackEventHandler
 272              		.section	.text.Sys_GetCmd,"ax",%progbits
 273              		.align	2
 274              		.global	Sys_GetCmd
 275              		.code	16
 276              		.thumb_func
 277              		.type	Sys_GetCmd, %function
 278              	Sys_GetCmd:
 279              	.LFB38:
 127:.\app_ble.c   **** uint8 Sys_GetCmd(void)
 128:.\app_ble.c   **** {
 280              		.loc 1 128 0
 281              		.cfi_startproc
 282 0000 80B5     		push	{r7, lr}
 283              		.cfi_def_cfa_offset 8
 284              		.cfi_offset 7, -8
 285              		.cfi_offset 14, -4
 286 0002 00AF     		add	r7, sp, #0
 287              		.cfi_def_cfa_register 7
 129:.\app_ble.c   **** 	if(b_newcmd)
 288              		.loc 1 129 0
 289 0004 064B     		ldr	r3, .L47
 290 0006 1B78     		ldrb	r3, [r3]
 291 0008 002B     		cmp	r3, #0
ARM GAS  C:\Users\zpstrwy\AppData\Local\Temp\ccs9nBbl.s 			page 9


 292 000a 05D0     		beq	.L45
 130:.\app_ble.c   **** 	{
 131:.\app_ble.c   **** 		b_newcmd = 0;
 293              		.loc 1 131 0
 294 000c 044B     		ldr	r3, .L47
 295 000e 0022     		mov	r2, #0
 296 0010 1A70     		strb	r2, [r3]
 132:.\app_ble.c   **** 		return alertLevel;
 297              		.loc 1 132 0
 298 0012 044B     		ldr	r3, .L47+4
 299 0014 1B78     		ldrb	r3, [r3]
 300 0016 00E0     		b	.L46
 301              	.L45:
 133:.\app_ble.c   **** 	}
 134:.\app_ble.c   ****     return 0;
 302              		.loc 1 134 0
 303 0018 0023     		mov	r3, #0
 304              	.L46:
 135:.\app_ble.c   **** }
 305              		.loc 1 135 0
 306 001a 181C     		mov	r0, r3
 307 001c BD46     		mov	sp, r7
 308              		@ sp needed
 309 001e 80BD     		pop	{r7, pc}
 310              	.L48:
 311              		.align	2
 312              	.L47:
 313 0020 00000000 		.word	b_newcmd
 314 0024 00000000 		.word	alertLevel
 315              		.cfi_endproc
 316              	.LFE38:
 317              		.size	Sys_GetCmd, .-Sys_GetCmd
 318              		.section	.text.BLE_Loop,"ax",%progbits
 319              		.align	2
 320              		.global	BLE_Loop
 321              		.code	16
 322              		.thumb_func
 323              		.type	BLE_Loop, %function
 324              	BLE_Loop:
 325              	.LFB39:
 136:.\app_ble.c   **** 
 137:.\app_ble.c   **** 
 138:.\app_ble.c   **** /******************************************************************************
 139:.\app_ble.c   **** * Function Name: ADC_ISR_Handler
 140:.\app_ble.c   **** *******************************************************************************
 141:.\app_ble.c   **** *
 142:.\app_ble.c   **** * Summary:
 143:.\app_ble.c   **** *  Interrupt Service Routine. Check the ADC status and sets window and data
 144:.\app_ble.c   **** *  ready flags.
 145:.\app_ble.c   **** *
 146:.\app_ble.c   **** ******************************************************************************/
 147:.\app_ble.c   **** 
 148:.\app_ble.c   **** /* [] END OF FILE */
 149:.\app_ble.c   **** 
 150:.\app_ble.c   **** /*******************************************************************************
 151:.\app_ble.c   **** * Function Name: main
 152:.\app_ble.c   **** ********************************************************************************
ARM GAS  C:\Users\zpstrwy\AppData\Local\Temp\ccs9nBbl.s 			page 10


 153:.\app_ble.c   **** *
 154:.\app_ble.c   **** * Summary:
 155:.\app_ble.c   **** *  Main function.
 156:.\app_ble.c   **** *
 157:.\app_ble.c   **** * Parameters:
 158:.\app_ble.c   **** *  None
 159:.\app_ble.c   **** *
 160:.\app_ble.c   **** * Return:
 161:.\app_ble.c   **** *  None
 162:.\app_ble.c   **** *
 163:.\app_ble.c   **** *******************************************************************************/
 164:.\app_ble.c   **** void BLE_Loop(void)
 165:.\app_ble.c   **** {
 326              		.loc 1 165 0
 327              		.cfi_startproc
 328 0000 80B5     		push	{r7, lr}
 329              		.cfi_def_cfa_offset 8
 330              		.cfi_offset 7, -8
 331              		.cfi_offset 14, -4
 332 0002 00AF     		add	r7, sp, #0
 333              		.cfi_def_cfa_register 7
 166:.\app_ble.c   **** 	static uint8 toggleTimeout = 0;
 167:.\app_ble.c   ****     CYBLE_BLESS_STATE_T blessState;
 168:.\app_ble.c   ****     uint8 intrStatus;
 169:.\app_ble.c   **** 
 170:.\app_ble.c   ****     
 171:.\app_ble.c   ****     /* Single API call to service all the BLE stack events. Must be
 172:.\app_ble.c   ****      * called at least once in a BLE connection interval */
 173:.\app_ble.c   ****     CyBle_ProcessEvents();
 334              		.loc 1 173 0
 335 0004 FFF7FEFF 		bl	CyBle_ProcessEvents
 174:.\app_ble.c   ****     
 175:.\app_ble.c   **** 
 176:.\app_ble.c   **** 	return;
 336              		.loc 1 176 0
 337 0008 C046     		mov	r8, r8
 177:.\app_ble.c   ****     /* Configure BLESS in Deep-Sleep mode */
 178:.\app_ble.c   ****     CyBle_EnterLPM(CYBLE_BLESS_DEEPSLEEP);
 179:.\app_ble.c   ****     
 180:.\app_ble.c   ****     /* Prevent interrupts while entering system low power modes */
 181:.\app_ble.c   ****     intrStatus = CyEnterCriticalSection();
 182:.\app_ble.c   ****     
 183:.\app_ble.c   ****     /* Get the current state of BLESS block */
 184:.\app_ble.c   ****     blessState = CyBle_GetBleSsState();
 185:.\app_ble.c   ****     
 186:.\app_ble.c   ****     /* If BLESS is in Deep-Sleep mode or the XTAL oscillator is turning on, 
 187:.\app_ble.c   ****      * then PSoC 4 BLE can enter Deep-Sleep mode (1.3uA current consumption) */
 188:.\app_ble.c   ****     if(blessState == CYBLE_BLESS_STATE_ECO_ON || 
 189:.\app_ble.c   ****         blessState == CYBLE_BLESS_STATE_DEEPSLEEP)
 190:.\app_ble.c   ****     {
 191:.\app_ble.c   ****         CySysPmDeepSleep();
 192:.\app_ble.c   ****     }
 193:.\app_ble.c   ****     else if(blessState != CYBLE_BLESS_STATE_EVENT_CLOSE)
 194:.\app_ble.c   ****     {
 195:.\app_ble.c   ****         /* If BLESS is active, then configure PSoC 4 BLE system in 
 196:.\app_ble.c   ****          * Sleep mode (~1.6mA current consumption) */
 197:.\app_ble.c   ****         CySysPmSleep();
ARM GAS  C:\Users\zpstrwy\AppData\Local\Temp\ccs9nBbl.s 			page 11


 198:.\app_ble.c   ****     }
 199:.\app_ble.c   ****     else
 200:.\app_ble.c   ****     {
 201:.\app_ble.c   ****         /* Keep trying to enter either Sleep or Deep-Sleep mode */    
 202:.\app_ble.c   ****     }
 203:.\app_ble.c   ****     CyExitCriticalSection(intrStatus);
 204:.\app_ble.c   ****     
 205:.\app_ble.c   ****     /* BLE link layer timing interrupt will wake up the system from Sleep 
 206:.\app_ble.c   ****      * and Deep-Sleep modes */	
 207:.\app_ble.c   **** }
 338              		.loc 1 207 0
 339 000a BD46     		mov	sp, r7
 340              		@ sp needed
 341 000c 80BD     		pop	{r7, pc}
 342              		.cfi_endproc
 343              	.LFE39:
 344              		.size	BLE_Loop, .-BLE_Loop
 345 000e C046     		.section	.text.BLE_Init,"ax",%progbits
 346              		.align	2
 347              		.global	BLE_Init
 348              		.code	16
 349              		.thumb_func
 350              		.type	BLE_Init, %function
 351              	BLE_Init:
 352              	.LFB40:
 208:.\app_ble.c   **** 
 209:.\app_ble.c   **** 
 210:.\app_ble.c   **** void BLE_Init(void)
 211:.\app_ble.c   **** {
 353              		.loc 1 211 0
 354              		.cfi_startproc
 355 0000 90B5     		push	{r4, r7, lr}
 356              		.cfi_def_cfa_offset 12
 357              		.cfi_offset 4, -12
 358              		.cfi_offset 7, -8
 359              		.cfi_offset 14, -4
 360 0002 83B0     		sub	sp, sp, #12
 361              		.cfi_def_cfa_offset 24
 362 0004 00AF     		add	r7, sp, #0
 363              		.cfi_def_cfa_register 7
 212:.\app_ble.c   **** 	CYBLE_API_RESULT_T apiResult;
 213:.\app_ble.c   **** 	apiResult = CyBle_Start(StackEventHandler);
 364              		.loc 1 213 0
 365 0006 BC1D     		add	r4, r7, #6
 366 0008 074B     		ldr	r3, .L53
 367 000a 181C     		mov	r0, r3
 368 000c FFF7FEFF 		bl	CyBle_Start
 369 0010 031C     		mov	r3, r0
 370 0012 2380     		strh	r3, [r4]
 214:.\app_ble.c   **** 	if(apiResult != CYBLE_ERROR_OK)
 371              		.loc 1 214 0
 372 0014 BB1D     		add	r3, r7, #6
 373 0016 1B88     		ldrh	r3, [r3]
 374 0018 002B     		cmp	r3, #0
 375 001a 02D0     		beq	.L51
 215:.\app_ble.c   **** 	{
 216:.\app_ble.c   **** 		/* BLE stack initialization failed, check your configuration */
ARM GAS  C:\Users\zpstrwy\AppData\Local\Temp\ccs9nBbl.s 			page 12


 217:.\app_ble.c   **** 		CYASSERT(0);
 376              		.loc 1 217 0 discriminator 1
 377 001c 0020     		mov	r0, #0
 378 001e FFF7FEFF 		bl	CyHalt
 379              	.L51:
 218:.\app_ble.c   **** 	}
 219:.\app_ble.c   **** }
 380              		.loc 1 219 0
 381 0022 BD46     		mov	sp, r7
 382 0024 03B0     		add	sp, sp, #12
 383              		@ sp needed
 384 0026 90BD     		pop	{r4, r7, pc}
 385              	.L54:
 386              		.align	2
 387              	.L53:
 388 0028 00000000 		.word	StackEventHandler
 389              		.cfi_endproc
 390              	.LFE40:
 391              		.size	BLE_Init, .-BLE_Init
 392              		.bss
 393              	toggleTimeout.7050:
 394 0002 00       		.space	1
 395              		.text
 396              	.Letext0:
 397              		.file 2 "Generated_Source\\PSoC4/cytypes.h"
 398              		.file 3 "Generated_Source\\PSoC4/BLE_Stack.h"
 399              		.file 4 "Generated_Source\\PSoC4/BLE_StackGatt.h"
 400              		.file 5 "Generated_Source\\PSoC4/BLE_StackGattServer.h"
 401              		.file 6 "Generated_Source\\PSoC4/BLE_eventHandler.h"
 402              		.section	.debug_info,"",%progbits
 403              	.Ldebug_info0:
 404 0000 BE050000 		.4byte	0x5be
 405 0004 0400     		.2byte	0x4
 406 0006 00000000 		.4byte	.Ldebug_abbrev0
 407 000a 04       		.byte	0x4
 408 000b 01       		.uleb128 0x1
 409 000c 0C0F0000 		.4byte	.LASF161
 410 0010 01       		.byte	0x1
 411 0011 C2100000 		.4byte	.LASF162
 412 0015 B4030000 		.4byte	.LASF163
 413 0019 00000000 		.4byte	.Ldebug_ranges0+0
 414 001d 00000000 		.4byte	0
 415 0021 00000000 		.4byte	.Ldebug_line0
 416 0025 02       		.uleb128 0x2
 417 0026 01       		.byte	0x1
 418 0027 06       		.byte	0x6
 419 0028 02030000 		.4byte	.LASF0
 420 002c 02       		.uleb128 0x2
 421 002d 01       		.byte	0x1
 422 002e 08       		.byte	0x8
 423 002f DD0A0000 		.4byte	.LASF1
 424 0033 02       		.uleb128 0x2
 425 0034 02       		.byte	0x2
 426 0035 05       		.byte	0x5
 427 0036 160B0000 		.4byte	.LASF2
 428 003a 02       		.uleb128 0x2
 429 003b 02       		.byte	0x2
ARM GAS  C:\Users\zpstrwy\AppData\Local\Temp\ccs9nBbl.s 			page 13


 430 003c 07       		.byte	0x7
 431 003d 580D0000 		.4byte	.LASF3
 432 0041 02       		.uleb128 0x2
 433 0042 04       		.byte	0x4
 434 0043 05       		.byte	0x5
 435 0044 00020000 		.4byte	.LASF4
 436 0048 02       		.uleb128 0x2
 437 0049 04       		.byte	0x4
 438 004a 07       		.byte	0x7
 439 004b 68060000 		.4byte	.LASF5
 440 004f 02       		.uleb128 0x2
 441 0050 08       		.byte	0x8
 442 0051 05       		.byte	0x5
 443 0052 F4020000 		.4byte	.LASF6
 444 0056 02       		.uleb128 0x2
 445 0057 08       		.byte	0x8
 446 0058 07       		.byte	0x7
 447 0059 AE050000 		.4byte	.LASF7
 448 005d 03       		.uleb128 0x3
 449 005e 04       		.byte	0x4
 450 005f 05       		.byte	0x5
 451 0060 696E7400 		.ascii	"int\000"
 452 0064 02       		.uleb128 0x2
 453 0065 04       		.byte	0x4
 454 0066 07       		.byte	0x7
 455 0067 930C0000 		.4byte	.LASF8
 456 006b 04       		.uleb128 0x4
 457 006c 8E040000 		.4byte	.LASF9
 458 0070 02       		.byte	0x2
 459 0071 9801     		.2byte	0x198
 460 0073 2C000000 		.4byte	0x2c
 461 0077 04       		.uleb128 0x4
 462 0078 EB0A0000 		.4byte	.LASF10
 463 007c 02       		.byte	0x2
 464 007d 9901     		.2byte	0x199
 465 007f 3A000000 		.4byte	0x3a
 466 0083 04       		.uleb128 0x4
 467 0084 10050000 		.4byte	.LASF11
 468 0088 02       		.byte	0x2
 469 0089 9A01     		.2byte	0x19a
 470 008b 48000000 		.4byte	0x48
 471 008f 02       		.uleb128 0x2
 472 0090 04       		.byte	0x4
 473 0091 04       		.byte	0x4
 474 0092 820A0000 		.4byte	.LASF12
 475 0096 02       		.uleb128 0x2
 476 0097 08       		.byte	0x8
 477 0098 04       		.byte	0x4
 478 0099 CA040000 		.4byte	.LASF13
 479 009d 02       		.uleb128 0x2
 480 009e 01       		.byte	0x1
 481 009f 08       		.byte	0x8
 482 00a0 3A0C0000 		.4byte	.LASF14
 483 00a4 05       		.uleb128 0x5
 484 00a5 6B000000 		.4byte	0x6b
 485 00a9 02       		.uleb128 0x2
 486 00aa 04       		.byte	0x4
ARM GAS  C:\Users\zpstrwy\AppData\Local\Temp\ccs9nBbl.s 			page 14


 487 00ab 07       		.byte	0x7
 488 00ac DF080000 		.4byte	.LASF15
 489 00b0 06       		.uleb128 0x6
 490 00b1 04       		.byte	0x4
 491 00b2 07       		.uleb128 0x7
 492 00b3 01       		.byte	0x1
 493 00b4 03       		.byte	0x3
 494 00b5 4201     		.2byte	0x142
 495 00b7 6F020000 		.4byte	0x26f
 496 00bb 08       		.uleb128 0x8
 497 00bc 41070000 		.4byte	.LASF16
 498 00c0 00       		.sleb128 0
 499 00c1 08       		.uleb128 0x8
 500 00c2 0E030000 		.4byte	.LASF17
 501 00c6 01       		.sleb128 1
 502 00c7 08       		.uleb128 0x8
 503 00c8 EE010000 		.4byte	.LASF18
 504 00cc 02       		.sleb128 2
 505 00cd 08       		.uleb128 0x8
 506 00ce 3F0D0000 		.4byte	.LASF19
 507 00d2 03       		.sleb128 3
 508 00d3 08       		.uleb128 0x8
 509 00d4 4A020000 		.4byte	.LASF20
 510 00d8 04       		.sleb128 4
 511 00d9 08       		.uleb128 0x8
 512 00da 23000000 		.4byte	.LASF21
 513 00de 05       		.sleb128 5
 514 00df 08       		.uleb128 0x8
 515 00e0 76070000 		.4byte	.LASF22
 516 00e4 06       		.sleb128 6
 517 00e5 08       		.uleb128 0x8
 518 00e6 64080000 		.4byte	.LASF23
 519 00ea 20       		.sleb128 32
 520 00eb 08       		.uleb128 0x8
 521 00ec 6A030000 		.4byte	.LASF24
 522 00f0 21       		.sleb128 33
 523 00f1 08       		.uleb128 0x8
 524 00f2 8F070000 		.4byte	.LASF25
 525 00f6 22       		.sleb128 34
 526 00f7 08       		.uleb128 0x8
 527 00f8 F8070000 		.4byte	.LASF26
 528 00fc 23       		.sleb128 35
 529 00fd 08       		.uleb128 0x8
 530 00fe AB090000 		.4byte	.LASF27
 531 0102 24       		.sleb128 36
 532 0103 08       		.uleb128 0x8
 533 0104 1F090000 		.4byte	.LASF28
 534 0108 25       		.sleb128 37
 535 0109 08       		.uleb128 0x8
 536 010a 43040000 		.4byte	.LASF29
 537 010e 26       		.sleb128 38
 538 010f 08       		.uleb128 0x8
 539 0110 B3070000 		.4byte	.LASF30
 540 0114 27       		.sleb128 39
 541 0115 08       		.uleb128 0x8
 542 0116 710C0000 		.4byte	.LASF31
 543 011a 28       		.sleb128 40
ARM GAS  C:\Users\zpstrwy\AppData\Local\Temp\ccs9nBbl.s 			page 15


 544 011b 08       		.uleb128 0x8
 545 011c 96020000 		.4byte	.LASF32
 546 0120 29       		.sleb128 41
 547 0121 08       		.uleb128 0x8
 548 0122 BF000000 		.4byte	.LASF33
 549 0126 2A       		.sleb128 42
 550 0127 08       		.uleb128 0x8
 551 0128 3C010000 		.4byte	.LASF34
 552 012c 2B       		.sleb128 43
 553 012d 08       		.uleb128 0x8
 554 012e D60F0000 		.4byte	.LASF35
 555 0132 2C       		.sleb128 44
 556 0133 08       		.uleb128 0x8
 557 0134 B3020000 		.4byte	.LASF36
 558 0138 2D       		.sleb128 45
 559 0139 08       		.uleb128 0x8
 560 013a F20A0000 		.4byte	.LASF37
 561 013e 2E       		.sleb128 46
 562 013f 08       		.uleb128 0x8
 563 0140 5B010000 		.4byte	.LASF38
 564 0144 2F       		.sleb128 47
 565 0145 08       		.uleb128 0x8
 566 0146 8A090000 		.4byte	.LASF39
 567 014a 30       		.sleb128 48
 568 014b 08       		.uleb128 0x8
 569 014c 3C100000 		.4byte	.LASF40
 570 0150 31       		.sleb128 49
 571 0151 08       		.uleb128 0x8
 572 0152 53090000 		.4byte	.LASF41
 573 0156 32       		.sleb128 50
 574 0157 08       		.uleb128 0x8
 575 0158 F60B0000 		.4byte	.LASF42
 576 015c 33       		.sleb128 51
 577 015d 08       		.uleb128 0x8
 578 015e 3F050000 		.4byte	.LASF43
 579 0162 C000     		.sleb128 64
 580 0164 08       		.uleb128 0x8
 581 0165 1E080000 		.4byte	.LASF44
 582 0169 C100     		.sleb128 65
 583 016b 08       		.uleb128 0x8
 584 016c 7C100000 		.4byte	.LASF45
 585 0170 C200     		.sleb128 66
 586 0172 08       		.uleb128 0x8
 587 0173 A70D0000 		.4byte	.LASF46
 588 0177 C300     		.sleb128 67
 589 0179 08       		.uleb128 0x8
 590 017a 8E060000 		.4byte	.LASF47
 591 017e C400     		.sleb128 68
 592 0180 08       		.uleb128 0x8
 593 0181 5B0A0000 		.4byte	.LASF48
 594 0185 C500     		.sleb128 69
 595 0187 08       		.uleb128 0x8
 596 0188 BE080000 		.4byte	.LASF49
 597 018c C600     		.sleb128 70
 598 018e 08       		.uleb128 0x8
 599 018f 58070000 		.4byte	.LASF50
 600 0193 C700     		.sleb128 71
ARM GAS  C:\Users\zpstrwy\AppData\Local\Temp\ccs9nBbl.s 			page 16


 601 0195 08       		.uleb128 0x8
 602 0196 9A0F0000 		.4byte	.LASF51
 603 019a C800     		.sleb128 72
 604 019c 08       		.uleb128 0x8
 605 019d 81030000 		.4byte	.LASF52
 606 01a1 C900     		.sleb128 73
 607 01a3 08       		.uleb128 0x8
 608 01a4 360E0000 		.4byte	.LASF53
 609 01a8 CA00     		.sleb128 74
 610 01aa 08       		.uleb128 0x8
 611 01ab 84010000 		.4byte	.LASF54
 612 01af CB00     		.sleb128 75
 613 01b1 08       		.uleb128 0x8
 614 01b2 D2070000 		.4byte	.LASF55
 615 01b6 CC00     		.sleb128 76
 616 01b8 08       		.uleb128 0x8
 617 01b9 39090000 		.4byte	.LASF56
 618 01bd CD00     		.sleb128 77
 619 01bf 08       		.uleb128 0x8
 620 01c0 F0030000 		.4byte	.LASF57
 621 01c4 CE00     		.sleb128 78
 622 01c6 08       		.uleb128 0x8
 623 01c7 5B0B0000 		.4byte	.LASF58
 624 01cb CF00     		.sleb128 79
 625 01cd 08       		.uleb128 0x8
 626 01ce A3010000 		.4byte	.LASF59
 627 01d2 D000     		.sleb128 80
 628 01d4 08       		.uleb128 0x8
 629 01d5 AB040000 		.4byte	.LASF60
 630 01d9 D100     		.sleb128 81
 631 01db 08       		.uleb128 0x8
 632 01dc E4090000 		.4byte	.LASF61
 633 01e0 D200     		.sleb128 82
 634 01e2 08       		.uleb128 0x8
 635 01e3 200B0000 		.4byte	.LASF62
 636 01e7 D300     		.sleb128 83
 637 01e9 08       		.uleb128 0x8
 638 01ea B70B0000 		.4byte	.LASF63
 639 01ee D400     		.sleb128 84
 640 01f0 08       		.uleb128 0x8
 641 01f1 AC060000 		.4byte	.LASF64
 642 01f5 D500     		.sleb128 85
 643 01f7 08       		.uleb128 0x8
 644 01f8 CA050000 		.4byte	.LASF65
 645 01fc D600     		.sleb128 86
 646 01fe 08       		.uleb128 0x8
 647 01ff A00C0000 		.4byte	.LASF66
 648 0203 D700     		.sleb128 87
 649 0205 08       		.uleb128 0x8
 650 0206 D0060000 		.4byte	.LASF67
 651 020a D800     		.sleb128 88
 652 020c 08       		.uleb128 0x8
 653 020d 59050000 		.4byte	.LASF68
 654 0211 F000     		.sleb128 112
 655 0213 08       		.uleb128 0x8
 656 0214 03100000 		.4byte	.LASF69
 657 0218 F100     		.sleb128 113
ARM GAS  C:\Users\zpstrwy\AppData\Local\Temp\ccs9nBbl.s 			page 17


 658 021a 08       		.uleb128 0x8
 659 021b 0E040000 		.4byte	.LASF70
 660 021f F200     		.sleb128 114
 661 0221 08       		.uleb128 0x8
 662 0222 D0010000 		.4byte	.LASF71
 663 0226 F300     		.sleb128 115
 664 0228 08       		.uleb128 0x8
 665 0229 3D0A0000 		.4byte	.LASF72
 666 022d F400     		.sleb128 116
 667 022f 08       		.uleb128 0x8
 668 0230 D1040000 		.4byte	.LASF73
 669 0234 F500     		.sleb128 117
 670 0236 08       		.uleb128 0x8
 671 0237 E8000000 		.4byte	.LASF74
 672 023b F600     		.sleb128 118
 673 023d 08       		.uleb128 0x8
 674 023e 5C000000 		.4byte	.LASF75
 675 0242 F700     		.sleb128 119
 676 0244 08       		.uleb128 0x8
 677 0245 00000000 		.4byte	.LASF76
 678 0249 F800     		.sleb128 120
 679 024b 08       		.uleb128 0x8
 680 024c C90C0000 		.4byte	.LASF77
 681 0250 F900     		.sleb128 121
 682 0252 08       		.uleb128 0x8
 683 0253 7F050000 		.4byte	.LASF78
 684 0257 FA00     		.sleb128 122
 685 0259 08       		.uleb128 0x8
 686 025a 5F020000 		.4byte	.LASF79
 687 025e FA01     		.sleb128 250
 688 0260 08       		.uleb128 0x8
 689 0261 15060000 		.4byte	.LASF80
 690 0265 FB01     		.sleb128 251
 691 0267 08       		.uleb128 0x8
 692 0268 22050000 		.4byte	.LASF81
 693 026c FF01     		.sleb128 255
 694 026e 00       		.byte	0
 695 026f 07       		.uleb128 0x7
 696 0270 02       		.byte	0x2
 697 0271 03       		.byte	0x3
 698 0272 FF02     		.2byte	0x2ff
 699 0274 3F030000 		.4byte	0x33f
 700 0278 08       		.uleb128 0x8
 701 0279 30050000 		.4byte	.LASF82
 702 027d 00       		.sleb128 0
 703 027e 08       		.uleb128 0x8
 704 027f F2040000 		.4byte	.LASF83
 705 0283 01       		.sleb128 1
 706 0284 08       		.uleb128 0x8
 707 0285 890D0000 		.4byte	.LASF84
 708 0289 02       		.sleb128 2
 709 028a 08       		.uleb128 0x8
 710 028b 9A000000 		.4byte	.LASF85
 711 028f 03       		.sleb128 3
 712 0290 08       		.uleb128 0x8
 713 0291 D00D0000 		.4byte	.LASF86
 714 0295 04       		.sleb128 4
ARM GAS  C:\Users\zpstrwy\AppData\Local\Temp\ccs9nBbl.s 			page 18


 715 0296 08       		.uleb128 0x8
 716 0297 EC050000 		.4byte	.LASF87
 717 029b 05       		.sleb128 5
 718 029c 08       		.uleb128 0x8
 719 029d 410B0000 		.4byte	.LASF88
 720 02a1 06       		.sleb128 6
 721 02a2 08       		.uleb128 0x8
 722 02a3 43030000 		.4byte	.LASF89
 723 02a7 07       		.sleb128 7
 724 02a8 08       		.uleb128 0x8
 725 02a9 D80B0000 		.4byte	.LASF90
 726 02ad 08       		.sleb128 8
 727 02ae 08       		.uleb128 0x8
 728 02af C10F0000 		.4byte	.LASF91
 729 02b3 09       		.sleb128 9
 730 02b4 08       		.uleb128 0x8
 731 02b5 A00A0000 		.4byte	.LASF92
 732 02b9 0A       		.sleb128 10
 733 02ba 08       		.uleb128 0x8
 734 02bb 510C0000 		.4byte	.LASF93
 735 02bf 0B       		.sleb128 11
 736 02c0 08       		.uleb128 0x8
 737 02c1 94040000 		.4byte	.LASF94
 738 02c5 0C       		.sleb128 12
 739 02c6 08       		.uleb128 0x8
 740 02c7 12020000 		.4byte	.LASF95
 741 02cb 0D       		.sleb128 13
 742 02cc 08       		.uleb128 0x8
 743 02cd 34060000 		.4byte	.LASF96
 744 02d1 0E       		.sleb128 14
 745 02d2 08       		.uleb128 0x8
 746 02d3 BB0E0000 		.4byte	.LASF97
 747 02d7 0F       		.sleb128 15
 748 02d8 08       		.uleb128 0x8
 749 02d9 110D0000 		.4byte	.LASF98
 750 02dd 10       		.sleb128 16
 751 02de 08       		.uleb128 0x8
 752 02df F3060000 		.4byte	.LASF99
 753 02e3 11       		.sleb128 17
 754 02e4 08       		.uleb128 0x8
 755 02e5 6B040000 		.4byte	.LASF100
 756 02e9 12       		.sleb128 18
 757 02ea 08       		.uleb128 0x8
 758 02eb 9A100000 		.4byte	.LASF101
 759 02ef 13       		.sleb128 19
 760 02f0 08       		.uleb128 0x8
 761 02f1 21030000 		.4byte	.LASF102
 762 02f5 27       		.sleb128 39
 763 02f6 08       		.uleb128 0x8
 764 02f7 EC0C0000 		.4byte	.LASF103
 765 02fb 28       		.sleb128 40
 766 02fc 08       		.uleb128 0x8
 767 02fd 9F0E0000 		.4byte	.LASF104
 768 0301 29       		.sleb128 41
 769 0302 08       		.uleb128 0x8
 770 0303 940B0000 		.4byte	.LASF105
 771 0307 2A       		.sleb128 42
ARM GAS  C:\Users\zpstrwy\AppData\Local\Temp\ccs9nBbl.s 			page 19


 772 0308 08       		.uleb128 0x8
 773 0309 09010000 		.4byte	.LASF106
 774 030d 2B       		.sleb128 43
 775 030e 08       		.uleb128 0x8
 776 030f A6080000 		.4byte	.LASF107
 777 0313 2C       		.sleb128 44
 778 0314 08       		.uleb128 0x8
 779 0315 540E0000 		.4byte	.LASF108
 780 0319 FE01     		.sleb128 254
 781 031b 08       		.uleb128 0x8
 782 031c 96080000 		.4byte	.LASF109
 783 0320 FF01     		.sleb128 255
 784 0322 08       		.uleb128 0x8
 785 0323 28070000 		.4byte	.LASF110
 786 0327 8002     		.sleb128 256
 787 0329 08       		.uleb128 0x8
 788 032a 050A0000 		.4byte	.LASF111
 789 032e 8102     		.sleb128 257
 790 0330 08       		.uleb128 0x8
 791 0331 BA0A0000 		.4byte	.LASF112
 792 0335 8202     		.sleb128 258
 793 0337 08       		.uleb128 0x8
 794 0338 9A030000 		.4byte	.LASF113
 795 033c 8302     		.sleb128 259
 796 033e 00       		.byte	0
 797 033f 04       		.uleb128 0x4
 798 0340 D1090000 		.4byte	.LASF114
 799 0344 03       		.byte	0x3
 800 0345 6B03     		.2byte	0x36b
 801 0347 6F020000 		.4byte	0x26f
 802 034b 07       		.uleb128 0x7
 803 034c 01       		.byte	0x1
 804 034d 03       		.byte	0x3
 805 034e 6F03     		.2byte	0x36f
 806 0350 74030000 		.4byte	0x374
 807 0354 08       		.uleb128 0x8
 808 0355 29100000 		.4byte	.LASF115
 809 0359 01       		.sleb128 1
 810 035a 08       		.uleb128 0x8
 811 035b 3F0C0000 		.4byte	.LASF116
 812 035f 02       		.sleb128 2
 813 0360 08       		.uleb128 0x8
 814 0361 F60E0000 		.4byte	.LASF117
 815 0365 03       		.sleb128 3
 816 0366 08       		.uleb128 0x8
 817 0367 74090000 		.4byte	.LASF118
 818 036b 04       		.sleb128 4
 819 036c 08       		.uleb128 0x8
 820 036d 7A060000 		.4byte	.LASF119
 821 0371 FF01     		.sleb128 255
 822 0373 00       		.byte	0
 823 0374 07       		.uleb128 0x7
 824 0375 01       		.byte	0x1
 825 0376 03       		.byte	0x3
 826 0377 8F03     		.2byte	0x38f
 827 0379 AF030000 		.4byte	0x3af
 828 037d 08       		.uleb128 0x8
ARM GAS  C:\Users\zpstrwy\AppData\Local\Temp\ccs9nBbl.s 			page 20


 829 037e 7D020000 		.4byte	.LASF120
 830 0382 01       		.sleb128 1
 831 0383 08       		.uleb128 0x8
 832 0384 6B0D0000 		.4byte	.LASF121
 833 0388 02       		.sleb128 2
 834 0389 08       		.uleb128 0x8
 835 038a 880A0000 		.4byte	.LASF122
 836 038e 03       		.sleb128 3
 837 038f 08       		.uleb128 0x8
 838 0390 F30D0000 		.4byte	.LASF123
 839 0394 04       		.sleb128 4
 840 0395 08       		.uleb128 0x8
 841 0396 820E0000 		.4byte	.LASF124
 842 039a 05       		.sleb128 5
 843 039b 08       		.uleb128 0x8
 844 039c 0C0E0000 		.4byte	.LASF125
 845 03a0 06       		.sleb128 6
 846 03a1 08       		.uleb128 0x8
 847 03a2 3F080000 		.4byte	.LASF126
 848 03a6 07       		.sleb128 7
 849 03a7 08       		.uleb128 0x8
 850 03a8 7A0B0000 		.4byte	.LASF127
 851 03ac FF01     		.sleb128 255
 852 03ae 00       		.byte	0
 853 03af 04       		.uleb128 0x4
 854 03b0 260C0000 		.4byte	.LASF128
 855 03b4 03       		.byte	0x3
 856 03b5 9803     		.2byte	0x398
 857 03b7 74030000 		.4byte	0x374
 858 03bb 09       		.uleb128 0x9
 859 03bc 04       		.byte	0x4
 860 03bd 6B000000 		.4byte	0x6b
 861 03c1 04       		.uleb128 0x4
 862 03c2 60100000 		.4byte	.LASF129
 863 03c6 04       		.byte	0x4
 864 03c7 9201     		.2byte	0x192
 865 03c9 77000000 		.4byte	0x77
 866 03cd 0A       		.uleb128 0xa
 867 03ce 02       		.byte	0x2
 868 03cf 04       		.byte	0x4
 869 03d0 9C01     		.2byte	0x19c
 870 03d2 F1030000 		.4byte	0x3f1
 871 03d6 0B       		.uleb128 0xb
 872 03d7 FA0F0000 		.4byte	.LASF130
 873 03db 04       		.byte	0x4
 874 03dc A301     		.2byte	0x1a3
 875 03de 6B000000 		.4byte	0x6b
 876 03e2 00       		.byte	0
 877 03e3 0B       		.uleb128 0xb
 878 03e4 39080000 		.4byte	.LASF131
 879 03e8 04       		.byte	0x4
 880 03e9 A901     		.2byte	0x1a9
 881 03eb 6B000000 		.4byte	0x6b
 882 03ef 01       		.byte	0x1
 883 03f0 00       		.byte	0
 884 03f1 04       		.uleb128 0x4
 885 03f2 7B000000 		.4byte	.LASF132
ARM GAS  C:\Users\zpstrwy\AppData\Local\Temp\ccs9nBbl.s 			page 21


 886 03f6 04       		.byte	0x4
 887 03f7 AB01     		.2byte	0x1ab
 888 03f9 CD030000 		.4byte	0x3cd
 889 03fd 0A       		.uleb128 0xa
 890 03fe 08       		.byte	0x8
 891 03ff 04       		.byte	0x4
 892 0400 C701     		.2byte	0x1c7
 893 0402 2E040000 		.4byte	0x42e
 894 0406 0C       		.uleb128 0xc
 895 0407 76616C00 		.ascii	"val\000"
 896 040b 04       		.byte	0x4
 897 040c CA01     		.2byte	0x1ca
 898 040e BB030000 		.4byte	0x3bb
 899 0412 00       		.byte	0
 900 0413 0C       		.uleb128 0xc
 901 0414 6C656E00 		.ascii	"len\000"
 902 0418 04       		.byte	0x4
 903 0419 CD01     		.2byte	0x1cd
 904 041b 77000000 		.4byte	0x77
 905 041f 04       		.byte	0x4
 906 0420 0B       		.uleb128 0xb
 907 0421 60030000 		.4byte	.LASF133
 908 0425 04       		.byte	0x4
 909 0426 D401     		.2byte	0x1d4
 910 0428 77000000 		.4byte	0x77
 911 042c 06       		.byte	0x6
 912 042d 00       		.byte	0
 913 042e 04       		.uleb128 0x4
 914 042f 37020000 		.4byte	.LASF134
 915 0433 04       		.byte	0x4
 916 0434 D601     		.2byte	0x1d6
 917 0436 FD030000 		.4byte	0x3fd
 918 043a 0A       		.uleb128 0xa
 919 043b 0C       		.byte	0xc
 920 043c 04       		.byte	0x4
 921 043d D901     		.2byte	0x1d9
 922 043f 5E040000 		.4byte	0x45e
 923 0443 0B       		.uleb128 0xb
 924 0444 B10B0000 		.4byte	.LASF135
 925 0448 04       		.byte	0x4
 926 0449 DC01     		.2byte	0x1dc
 927 044b 2E040000 		.4byte	0x42e
 928 044f 00       		.byte	0
 929 0450 0B       		.uleb128 0xb
 930 0451 A3050000 		.4byte	.LASF136
 931 0455 04       		.byte	0x4
 932 0456 DF01     		.2byte	0x1df
 933 0458 C1030000 		.4byte	0x3c1
 934 045c 08       		.byte	0x8
 935 045d 00       		.byte	0
 936 045e 04       		.uleb128 0x4
 937 045f 1E0A0000 		.4byte	.LASF137
 938 0463 04       		.byte	0x4
 939 0464 E101     		.2byte	0x1e1
 940 0466 3A040000 		.4byte	0x43a
 941 046a 0D       		.uleb128 0xd
 942 046b 10       		.byte	0x10
ARM GAS  C:\Users\zpstrwy\AppData\Local\Temp\ccs9nBbl.s 			page 22


 943 046c 05       		.byte	0x5
 944 046d 8A       		.byte	0x8a
 945 046e 8B040000 		.4byte	0x48b
 946 0472 0E       		.uleb128 0xe
 947 0473 8F000000 		.4byte	.LASF138
 948 0477 05       		.byte	0x5
 949 0478 8D       		.byte	0x8d
 950 0479 F1030000 		.4byte	0x3f1
 951 047d 00       		.byte	0
 952 047e 0E       		.uleb128 0xe
 953 047f 88080000 		.4byte	.LASF139
 954 0483 05       		.byte	0x5
 955 0484 90       		.byte	0x90
 956 0485 5E040000 		.4byte	0x45e
 957 0489 04       		.byte	0x4
 958 048a 00       		.byte	0
 959 048b 0F       		.uleb128 0xf
 960 048c E8080000 		.4byte	.LASF140
 961 0490 05       		.byte	0x5
 962 0491 92       		.byte	0x92
 963 0492 6A040000 		.4byte	0x46a
 964 0496 07       		.uleb128 0x7
 965 0497 01       		.byte	0x1
 966 0498 06       		.byte	0x6
 967 0499 BF07     		.2byte	0x7bf
 968 049b BE040000 		.4byte	0x4be
 969 049f 08       		.uleb128 0x8
 970 04a0 3F000000 		.4byte	.LASF141
 971 04a4 00       		.sleb128 0
 972 04a5 08       		.uleb128 0x8
 973 04a6 06090000 		.4byte	.LASF142
 974 04aa 01       		.sleb128 1
 975 04ab 08       		.uleb128 0x8
 976 04ac E00E0000 		.4byte	.LASF143
 977 04b0 02       		.sleb128 2
 978 04b1 08       		.uleb128 0x8
 979 04b2 DC020000 		.4byte	.LASF144
 980 04b6 03       		.sleb128 3
 981 04b7 08       		.uleb128 0x8
 982 04b8 2A040000 		.4byte	.LASF145
 983 04bc 04       		.sleb128 4
 984 04bd 00       		.byte	0
 985 04be 04       		.uleb128 0x4
 986 04bf 280E0000 		.4byte	.LASF146
 987 04c3 06       		.byte	0x6
 988 04c4 CD07     		.2byte	0x7cd
 989 04c6 96040000 		.4byte	0x496
 990 04ca 10       		.uleb128 0x10
 991 04cb 700E0000 		.4byte	.LASF151
 992 04cf 01       		.byte	0x1
 993 04d0 19       		.byte	0x19
 994 04d1 00000000 		.4byte	.LFB37
 995 04d5 34010000 		.4byte	.LFE37-.LFB37
 996 04d9 01       		.uleb128 0x1
 997 04da 9C       		.byte	0x9c
 998 04db 18050000 		.4byte	0x518
 999 04df 11       		.uleb128 0x11
ARM GAS  C:\Users\zpstrwy\AppData\Local\Temp\ccs9nBbl.s 			page 23


 1000 04e0 17070000 		.4byte	.LASF147
 1001 04e4 01       		.byte	0x1
 1002 04e5 19       		.byte	0x19
 1003 04e6 83000000 		.4byte	0x83
 1004 04ea 02       		.uleb128 0x2
 1005 04eb 91       		.byte	0x91
 1006 04ec 54       		.sleb128 -44
 1007 04ed 11       		.uleb128 0x11
 1008 04ee C50D0000 		.4byte	.LASF148
 1009 04f2 01       		.byte	0x1
 1010 04f3 19       		.byte	0x19
 1011 04f4 B0000000 		.4byte	0xb0
 1012 04f8 02       		.uleb128 0x2
 1013 04f9 91       		.byte	0x91
 1014 04fa 50       		.sleb128 -48
 1015 04fb 12       		.uleb128 0x12
 1016 04fc 09020000 		.4byte	.LASF149
 1017 0500 01       		.byte	0x1
 1018 0501 1B       		.byte	0x1b
 1019 0502 A4000000 		.4byte	0xa4
 1020 0506 02       		.uleb128 0x2
 1021 0507 91       		.byte	0x91
 1022 0508 6F       		.sleb128 -17
 1023 0509 12       		.uleb128 0x12
 1024 050a C5050000 		.4byte	.LASF150
 1025 050e 01       		.byte	0x1
 1026 050f 1C       		.byte	0x1c
 1027 0510 18050000 		.4byte	0x518
 1028 0514 02       		.uleb128 0x2
 1029 0515 91       		.byte	0x91
 1030 0516 5C       		.sleb128 -36
 1031 0517 00       		.byte	0
 1032 0518 05       		.uleb128 0x5
 1033 0519 8B040000 		.4byte	0x48b
 1034 051d 13       		.uleb128 0x13
 1035 051e 5D060000 		.4byte	.LASF164
 1036 0522 01       		.byte	0x1
 1037 0523 7F       		.byte	0x7f
 1038 0524 6B000000 		.4byte	0x6b
 1039 0528 00000000 		.4byte	.LFB38
 1040 052c 28000000 		.4byte	.LFE38-.LFB38
 1041 0530 01       		.uleb128 0x1
 1042 0531 9C       		.byte	0x9c
 1043 0532 10       		.uleb128 0x10
 1044 0533 53000000 		.4byte	.LASF152
 1045 0537 01       		.byte	0x1
 1046 0538 A4       		.byte	0xa4
 1047 0539 00000000 		.4byte	.LFB39
 1048 053d 0E000000 		.4byte	.LFE39-.LFB39
 1049 0541 01       		.uleb128 0x1
 1050 0542 9C       		.byte	0x9c
 1051 0543 6F050000 		.4byte	0x56f
 1052 0547 12       		.uleb128 0x12
 1053 0548 C2010000 		.4byte	.LASF153
 1054 054c 01       		.byte	0x1
 1055 054d A6       		.byte	0xa6
 1056 054e 6B000000 		.4byte	0x6b
ARM GAS  C:\Users\zpstrwy\AppData\Local\Temp\ccs9nBbl.s 			page 24


 1057 0552 05       		.uleb128 0x5
 1058 0553 03       		.byte	0x3
 1059 0554 02000000 		.4byte	toggleTimeout.7050
 1060 0558 14       		.uleb128 0x14
 1061 0559 0A060000 		.4byte	.LASF154
 1062 055d 01       		.byte	0x1
 1063 055e A7       		.byte	0xa7
 1064 055f AF030000 		.4byte	0x3af
 1065 0563 14       		.uleb128 0x14
 1066 0564 1D070000 		.4byte	.LASF155
 1067 0568 01       		.byte	0x1
 1068 0569 A8       		.byte	0xa8
 1069 056a 6B000000 		.4byte	0x6b
 1070 056e 00       		.byte	0
 1071 056f 10       		.uleb128 0x10
 1072 0570 1D0C0000 		.4byte	.LASF156
 1073 0574 01       		.byte	0x1
 1074 0575 D2       		.byte	0xd2
 1075 0576 00000000 		.4byte	.LFB40
 1076 057a 2C000000 		.4byte	.LFE40-.LFB40
 1077 057e 01       		.uleb128 0x1
 1078 057f 9C       		.byte	0x9c
 1079 0580 93050000 		.4byte	0x593
 1080 0584 12       		.uleb128 0x12
 1081 0585 C7090000 		.4byte	.LASF157
 1082 0589 01       		.byte	0x1
 1083 058a D4       		.byte	0xd4
 1084 058b 3F030000 		.4byte	0x33f
 1085 058f 02       		.uleb128 0x2
 1086 0590 91       		.byte	0x91
 1087 0591 6E       		.sleb128 -18
 1088 0592 00       		.byte	0
 1089 0593 15       		.uleb128 0x15
 1090 0594 EC070000 		.4byte	.LASF158
 1091 0598 06       		.byte	0x6
 1092 0599 DA09     		.2byte	0x9da
 1093 059b BE040000 		.4byte	0x4be
 1094 059f 16       		.uleb128 0x16
 1095 05a0 5B080000 		.4byte	.LASF159
 1096 05a4 01       		.byte	0x1
 1097 05a5 16       		.byte	0x16
 1098 05a6 6B000000 		.4byte	0x6b
 1099 05aa 05       		.uleb128 0x5
 1100 05ab 03       		.byte	0x3
 1101 05ac 00000000 		.4byte	b_newcmd
 1102 05b0 16       		.uleb128 0x16
 1103 05b1 17050000 		.4byte	.LASF160
 1104 05b5 01       		.byte	0x1
 1105 05b6 17       		.byte	0x17
 1106 05b7 6B000000 		.4byte	0x6b
 1107 05bb 05       		.uleb128 0x5
 1108 05bc 03       		.byte	0x3
 1109 05bd 00000000 		.4byte	alertLevel
 1110 05c1 00       		.byte	0
 1111              		.section	.debug_abbrev,"",%progbits
 1112              	.Ldebug_abbrev0:
 1113 0000 01       		.uleb128 0x1
ARM GAS  C:\Users\zpstrwy\AppData\Local\Temp\ccs9nBbl.s 			page 25


 1114 0001 11       		.uleb128 0x11
 1115 0002 01       		.byte	0x1
 1116 0003 25       		.uleb128 0x25
 1117 0004 0E       		.uleb128 0xe
 1118 0005 13       		.uleb128 0x13
 1119 0006 0B       		.uleb128 0xb
 1120 0007 03       		.uleb128 0x3
 1121 0008 0E       		.uleb128 0xe
 1122 0009 1B       		.uleb128 0x1b
 1123 000a 0E       		.uleb128 0xe
 1124 000b 55       		.uleb128 0x55
 1125 000c 17       		.uleb128 0x17
 1126 000d 11       		.uleb128 0x11
 1127 000e 01       		.uleb128 0x1
 1128 000f 10       		.uleb128 0x10
 1129 0010 17       		.uleb128 0x17
 1130 0011 00       		.byte	0
 1131 0012 00       		.byte	0
 1132 0013 02       		.uleb128 0x2
 1133 0014 24       		.uleb128 0x24
 1134 0015 00       		.byte	0
 1135 0016 0B       		.uleb128 0xb
 1136 0017 0B       		.uleb128 0xb
 1137 0018 3E       		.uleb128 0x3e
 1138 0019 0B       		.uleb128 0xb
 1139 001a 03       		.uleb128 0x3
 1140 001b 0E       		.uleb128 0xe
 1141 001c 00       		.byte	0
 1142 001d 00       		.byte	0
 1143 001e 03       		.uleb128 0x3
 1144 001f 24       		.uleb128 0x24
 1145 0020 00       		.byte	0
 1146 0021 0B       		.uleb128 0xb
 1147 0022 0B       		.uleb128 0xb
 1148 0023 3E       		.uleb128 0x3e
 1149 0024 0B       		.uleb128 0xb
 1150 0025 03       		.uleb128 0x3
 1151 0026 08       		.uleb128 0x8
 1152 0027 00       		.byte	0
 1153 0028 00       		.byte	0
 1154 0029 04       		.uleb128 0x4
 1155 002a 16       		.uleb128 0x16
 1156 002b 00       		.byte	0
 1157 002c 03       		.uleb128 0x3
 1158 002d 0E       		.uleb128 0xe
 1159 002e 3A       		.uleb128 0x3a
 1160 002f 0B       		.uleb128 0xb
 1161 0030 3B       		.uleb128 0x3b
 1162 0031 05       		.uleb128 0x5
 1163 0032 49       		.uleb128 0x49
 1164 0033 13       		.uleb128 0x13
 1165 0034 00       		.byte	0
 1166 0035 00       		.byte	0
 1167 0036 05       		.uleb128 0x5
 1168 0037 35       		.uleb128 0x35
 1169 0038 00       		.byte	0
 1170 0039 49       		.uleb128 0x49
ARM GAS  C:\Users\zpstrwy\AppData\Local\Temp\ccs9nBbl.s 			page 26


 1171 003a 13       		.uleb128 0x13
 1172 003b 00       		.byte	0
 1173 003c 00       		.byte	0
 1174 003d 06       		.uleb128 0x6
 1175 003e 0F       		.uleb128 0xf
 1176 003f 00       		.byte	0
 1177 0040 0B       		.uleb128 0xb
 1178 0041 0B       		.uleb128 0xb
 1179 0042 00       		.byte	0
 1180 0043 00       		.byte	0
 1181 0044 07       		.uleb128 0x7
 1182 0045 04       		.uleb128 0x4
 1183 0046 01       		.byte	0x1
 1184 0047 0B       		.uleb128 0xb
 1185 0048 0B       		.uleb128 0xb
 1186 0049 3A       		.uleb128 0x3a
 1187 004a 0B       		.uleb128 0xb
 1188 004b 3B       		.uleb128 0x3b
 1189 004c 05       		.uleb128 0x5
 1190 004d 01       		.uleb128 0x1
 1191 004e 13       		.uleb128 0x13
 1192 004f 00       		.byte	0
 1193 0050 00       		.byte	0
 1194 0051 08       		.uleb128 0x8
 1195 0052 28       		.uleb128 0x28
 1196 0053 00       		.byte	0
 1197 0054 03       		.uleb128 0x3
 1198 0055 0E       		.uleb128 0xe
 1199 0056 1C       		.uleb128 0x1c
 1200 0057 0D       		.uleb128 0xd
 1201 0058 00       		.byte	0
 1202 0059 00       		.byte	0
 1203 005a 09       		.uleb128 0x9
 1204 005b 0F       		.uleb128 0xf
 1205 005c 00       		.byte	0
 1206 005d 0B       		.uleb128 0xb
 1207 005e 0B       		.uleb128 0xb
 1208 005f 49       		.uleb128 0x49
 1209 0060 13       		.uleb128 0x13
 1210 0061 00       		.byte	0
 1211 0062 00       		.byte	0
 1212 0063 0A       		.uleb128 0xa
 1213 0064 13       		.uleb128 0x13
 1214 0065 01       		.byte	0x1
 1215 0066 0B       		.uleb128 0xb
 1216 0067 0B       		.uleb128 0xb
 1217 0068 3A       		.uleb128 0x3a
 1218 0069 0B       		.uleb128 0xb
 1219 006a 3B       		.uleb128 0x3b
 1220 006b 05       		.uleb128 0x5
 1221 006c 01       		.uleb128 0x1
 1222 006d 13       		.uleb128 0x13
 1223 006e 00       		.byte	0
 1224 006f 00       		.byte	0
 1225 0070 0B       		.uleb128 0xb
 1226 0071 0D       		.uleb128 0xd
 1227 0072 00       		.byte	0
ARM GAS  C:\Users\zpstrwy\AppData\Local\Temp\ccs9nBbl.s 			page 27


 1228 0073 03       		.uleb128 0x3
 1229 0074 0E       		.uleb128 0xe
 1230 0075 3A       		.uleb128 0x3a
 1231 0076 0B       		.uleb128 0xb
 1232 0077 3B       		.uleb128 0x3b
 1233 0078 05       		.uleb128 0x5
 1234 0079 49       		.uleb128 0x49
 1235 007a 13       		.uleb128 0x13
 1236 007b 38       		.uleb128 0x38
 1237 007c 0B       		.uleb128 0xb
 1238 007d 00       		.byte	0
 1239 007e 00       		.byte	0
 1240 007f 0C       		.uleb128 0xc
 1241 0080 0D       		.uleb128 0xd
 1242 0081 00       		.byte	0
 1243 0082 03       		.uleb128 0x3
 1244 0083 08       		.uleb128 0x8
 1245 0084 3A       		.uleb128 0x3a
 1246 0085 0B       		.uleb128 0xb
 1247 0086 3B       		.uleb128 0x3b
 1248 0087 05       		.uleb128 0x5
 1249 0088 49       		.uleb128 0x49
 1250 0089 13       		.uleb128 0x13
 1251 008a 38       		.uleb128 0x38
 1252 008b 0B       		.uleb128 0xb
 1253 008c 00       		.byte	0
 1254 008d 00       		.byte	0
 1255 008e 0D       		.uleb128 0xd
 1256 008f 13       		.uleb128 0x13
 1257 0090 01       		.byte	0x1
 1258 0091 0B       		.uleb128 0xb
 1259 0092 0B       		.uleb128 0xb
 1260 0093 3A       		.uleb128 0x3a
 1261 0094 0B       		.uleb128 0xb
 1262 0095 3B       		.uleb128 0x3b
 1263 0096 0B       		.uleb128 0xb
 1264 0097 01       		.uleb128 0x1
 1265 0098 13       		.uleb128 0x13
 1266 0099 00       		.byte	0
 1267 009a 00       		.byte	0
 1268 009b 0E       		.uleb128 0xe
 1269 009c 0D       		.uleb128 0xd
 1270 009d 00       		.byte	0
 1271 009e 03       		.uleb128 0x3
 1272 009f 0E       		.uleb128 0xe
 1273 00a0 3A       		.uleb128 0x3a
 1274 00a1 0B       		.uleb128 0xb
 1275 00a2 3B       		.uleb128 0x3b
 1276 00a3 0B       		.uleb128 0xb
 1277 00a4 49       		.uleb128 0x49
 1278 00a5 13       		.uleb128 0x13
 1279 00a6 38       		.uleb128 0x38
 1280 00a7 0B       		.uleb128 0xb
 1281 00a8 00       		.byte	0
 1282 00a9 00       		.byte	0
 1283 00aa 0F       		.uleb128 0xf
 1284 00ab 16       		.uleb128 0x16
ARM GAS  C:\Users\zpstrwy\AppData\Local\Temp\ccs9nBbl.s 			page 28


 1285 00ac 00       		.byte	0
 1286 00ad 03       		.uleb128 0x3
 1287 00ae 0E       		.uleb128 0xe
 1288 00af 3A       		.uleb128 0x3a
 1289 00b0 0B       		.uleb128 0xb
 1290 00b1 3B       		.uleb128 0x3b
 1291 00b2 0B       		.uleb128 0xb
 1292 00b3 49       		.uleb128 0x49
 1293 00b4 13       		.uleb128 0x13
 1294 00b5 00       		.byte	0
 1295 00b6 00       		.byte	0
 1296 00b7 10       		.uleb128 0x10
 1297 00b8 2E       		.uleb128 0x2e
 1298 00b9 01       		.byte	0x1
 1299 00ba 3F       		.uleb128 0x3f
 1300 00bb 19       		.uleb128 0x19
 1301 00bc 03       		.uleb128 0x3
 1302 00bd 0E       		.uleb128 0xe
 1303 00be 3A       		.uleb128 0x3a
 1304 00bf 0B       		.uleb128 0xb
 1305 00c0 3B       		.uleb128 0x3b
 1306 00c1 0B       		.uleb128 0xb
 1307 00c2 27       		.uleb128 0x27
 1308 00c3 19       		.uleb128 0x19
 1309 00c4 11       		.uleb128 0x11
 1310 00c5 01       		.uleb128 0x1
 1311 00c6 12       		.uleb128 0x12
 1312 00c7 06       		.uleb128 0x6
 1313 00c8 40       		.uleb128 0x40
 1314 00c9 18       		.uleb128 0x18
 1315 00ca 9642     		.uleb128 0x2116
 1316 00cc 19       		.uleb128 0x19
 1317 00cd 01       		.uleb128 0x1
 1318 00ce 13       		.uleb128 0x13
 1319 00cf 00       		.byte	0
 1320 00d0 00       		.byte	0
 1321 00d1 11       		.uleb128 0x11
 1322 00d2 05       		.uleb128 0x5
 1323 00d3 00       		.byte	0
 1324 00d4 03       		.uleb128 0x3
 1325 00d5 0E       		.uleb128 0xe
 1326 00d6 3A       		.uleb128 0x3a
 1327 00d7 0B       		.uleb128 0xb
 1328 00d8 3B       		.uleb128 0x3b
 1329 00d9 0B       		.uleb128 0xb
 1330 00da 49       		.uleb128 0x49
 1331 00db 13       		.uleb128 0x13
 1332 00dc 02       		.uleb128 0x2
 1333 00dd 18       		.uleb128 0x18
 1334 00de 00       		.byte	0
 1335 00df 00       		.byte	0
 1336 00e0 12       		.uleb128 0x12
 1337 00e1 34       		.uleb128 0x34
 1338 00e2 00       		.byte	0
 1339 00e3 03       		.uleb128 0x3
 1340 00e4 0E       		.uleb128 0xe
 1341 00e5 3A       		.uleb128 0x3a
ARM GAS  C:\Users\zpstrwy\AppData\Local\Temp\ccs9nBbl.s 			page 29


 1342 00e6 0B       		.uleb128 0xb
 1343 00e7 3B       		.uleb128 0x3b
 1344 00e8 0B       		.uleb128 0xb
 1345 00e9 49       		.uleb128 0x49
 1346 00ea 13       		.uleb128 0x13
 1347 00eb 02       		.uleb128 0x2
 1348 00ec 18       		.uleb128 0x18
 1349 00ed 00       		.byte	0
 1350 00ee 00       		.byte	0
 1351 00ef 13       		.uleb128 0x13
 1352 00f0 2E       		.uleb128 0x2e
 1353 00f1 00       		.byte	0
 1354 00f2 3F       		.uleb128 0x3f
 1355 00f3 19       		.uleb128 0x19
 1356 00f4 03       		.uleb128 0x3
 1357 00f5 0E       		.uleb128 0xe
 1358 00f6 3A       		.uleb128 0x3a
 1359 00f7 0B       		.uleb128 0xb
 1360 00f8 3B       		.uleb128 0x3b
 1361 00f9 0B       		.uleb128 0xb
 1362 00fa 27       		.uleb128 0x27
 1363 00fb 19       		.uleb128 0x19
 1364 00fc 49       		.uleb128 0x49
 1365 00fd 13       		.uleb128 0x13
 1366 00fe 11       		.uleb128 0x11
 1367 00ff 01       		.uleb128 0x1
 1368 0100 12       		.uleb128 0x12
 1369 0101 06       		.uleb128 0x6
 1370 0102 40       		.uleb128 0x40
 1371 0103 18       		.uleb128 0x18
 1372 0104 9742     		.uleb128 0x2117
 1373 0106 19       		.uleb128 0x19
 1374 0107 00       		.byte	0
 1375 0108 00       		.byte	0
 1376 0109 14       		.uleb128 0x14
 1377 010a 34       		.uleb128 0x34
 1378 010b 00       		.byte	0
 1379 010c 03       		.uleb128 0x3
 1380 010d 0E       		.uleb128 0xe
 1381 010e 3A       		.uleb128 0x3a
 1382 010f 0B       		.uleb128 0xb
 1383 0110 3B       		.uleb128 0x3b
 1384 0111 0B       		.uleb128 0xb
 1385 0112 49       		.uleb128 0x49
 1386 0113 13       		.uleb128 0x13
 1387 0114 00       		.byte	0
 1388 0115 00       		.byte	0
 1389 0116 15       		.uleb128 0x15
 1390 0117 34       		.uleb128 0x34
 1391 0118 00       		.byte	0
 1392 0119 03       		.uleb128 0x3
 1393 011a 0E       		.uleb128 0xe
 1394 011b 3A       		.uleb128 0x3a
 1395 011c 0B       		.uleb128 0xb
 1396 011d 3B       		.uleb128 0x3b
 1397 011e 05       		.uleb128 0x5
 1398 011f 49       		.uleb128 0x49
ARM GAS  C:\Users\zpstrwy\AppData\Local\Temp\ccs9nBbl.s 			page 30


 1399 0120 13       		.uleb128 0x13
 1400 0121 3F       		.uleb128 0x3f
 1401 0122 19       		.uleb128 0x19
 1402 0123 3C       		.uleb128 0x3c
 1403 0124 19       		.uleb128 0x19
 1404 0125 00       		.byte	0
 1405 0126 00       		.byte	0
 1406 0127 16       		.uleb128 0x16
 1407 0128 34       		.uleb128 0x34
 1408 0129 00       		.byte	0
 1409 012a 03       		.uleb128 0x3
 1410 012b 0E       		.uleb128 0xe
 1411 012c 3A       		.uleb128 0x3a
 1412 012d 0B       		.uleb128 0xb
 1413 012e 3B       		.uleb128 0x3b
 1414 012f 0B       		.uleb128 0xb
 1415 0130 49       		.uleb128 0x49
 1416 0131 13       		.uleb128 0x13
 1417 0132 3F       		.uleb128 0x3f
 1418 0133 19       		.uleb128 0x19
 1419 0134 02       		.uleb128 0x2
 1420 0135 18       		.uleb128 0x18
 1421 0136 00       		.byte	0
 1422 0137 00       		.byte	0
 1423 0138 00       		.byte	0
 1424              		.section	.debug_aranges,"",%progbits
 1425 0000 34000000 		.4byte	0x34
 1426 0004 0200     		.2byte	0x2
 1427 0006 00000000 		.4byte	.Ldebug_info0
 1428 000a 04       		.byte	0x4
 1429 000b 00       		.byte	0
 1430 000c 0000     		.2byte	0
 1431 000e 0000     		.2byte	0
 1432 0010 00000000 		.4byte	.LFB37
 1433 0014 34010000 		.4byte	.LFE37-.LFB37
 1434 0018 00000000 		.4byte	.LFB38
 1435 001c 28000000 		.4byte	.LFE38-.LFB38
 1436 0020 00000000 		.4byte	.LFB39
 1437 0024 0E000000 		.4byte	.LFE39-.LFB39
 1438 0028 00000000 		.4byte	.LFB40
 1439 002c 2C000000 		.4byte	.LFE40-.LFB40
 1440 0030 00000000 		.4byte	0
 1441 0034 00000000 		.4byte	0
 1442              		.section	.debug_ranges,"",%progbits
 1443              	.Ldebug_ranges0:
 1444 0000 00000000 		.4byte	.LFB37
 1445 0004 34010000 		.4byte	.LFE37
 1446 0008 00000000 		.4byte	.LFB38
 1447 000c 28000000 		.4byte	.LFE38
 1448 0010 00000000 		.4byte	.LFB39
 1449 0014 0E000000 		.4byte	.LFE39
 1450 0018 00000000 		.4byte	.LFB40
 1451 001c 2C000000 		.4byte	.LFE40
 1452 0020 00000000 		.4byte	0
 1453 0024 00000000 		.4byte	0
 1454              		.section	.debug_line,"",%progbits
 1455              	.Ldebug_line0:
ARM GAS  C:\Users\zpstrwy\AppData\Local\Temp\ccs9nBbl.s 			page 31


 1456 0000 4C010000 		.section	.debug_str,"MS",%progbits,1
 1456      02009700 
 1456      00000201 
 1456      FB0E0D00 
 1456      01010101 
 1457              	.LASF76:
 1458 0000 4359424C 		.ascii	"CYBLE_EVT_L2CAP_CBFC_RX_CREDIT_IND\000"
 1458      455F4556 
 1458      545F4C32 
 1458      4341505F 
 1458      43424643 
 1459              	.LASF21:
 1460 0023 4359424C 		.ascii	"CYBLE_EVT_STACK_BUSY_STATUS\000"
 1460      455F4556 
 1460      545F5354 
 1460      41434B5F 
 1460      42555359 
 1461              	.LASF141:
 1462 003f 4359424C 		.ascii	"CYBLE_STATE_STOPPED\000"
 1462      455F5354 
 1462      4154455F 
 1462      53544F50 
 1462      50454400 
 1463              	.LASF152:
 1464 0053 424C455F 		.ascii	"BLE_Loop\000"
 1464      4C6F6F70 
 1464      00
 1465              	.LASF75:
 1466 005c 4359424C 		.ascii	"CYBLE_EVT_L2CAP_CBFC_DATA_READ\000"
 1466      455F4556 
 1466      545F4C32 
 1466      4341505F 
 1466      43424643 
 1467              	.LASF132:
 1468 007b 4359424C 		.ascii	"CYBLE_CONN_HANDLE_T\000"
 1468      455F434F 
 1468      4E4E5F48 
 1468      414E444C 
 1468      455F5400 
 1469              	.LASF138:
 1470 008f 636F6E6E 		.ascii	"connHandle\000"
 1470      48616E64 
 1470      6C6500
 1471              	.LASF85:
 1472 009a 4359424C 		.ascii	"CYBLE_ERROR_MEMORY_ALLOCATION_FAILED\000"
 1472      455F4552 
 1472      524F525F 
 1472      4D454D4F 
 1472      52595F41 
 1473              	.LASF33:
 1474 00bf 4359424C 		.ascii	"CYBLE_EVT_GAP_CONNECTION_UPDATE_COMPLETE\000"
 1474      455F4556 
 1474      545F4741 
 1474      505F434F 
 1474      4E4E4543 
 1475              	.LASF74:
 1476 00e8 4359424C 		.ascii	"CYBLE_EVT_L2CAP_CBFC_DISCONN_CNF\000"
ARM GAS  C:\Users\zpstrwy\AppData\Local\Temp\ccs9nBbl.s 			page 32


 1476      455F4556 
 1476      545F4C32 
 1476      4341505F 
 1476      43424643 
 1477              	.LASF106:
 1478 0109 4359424C 		.ascii	"CYBLE_ERROR_UNSUPPORTED_FEATURE_OR_PARAMETER_VALUE\000"
 1478      455F4552 
 1478      524F525F 
 1478      554E5355 
 1478      50504F52 
 1479              	.LASF34:
 1480 013c 4359424C 		.ascii	"CYBLE_EVT_GAPC_SCAN_START_STOP\000"
 1480      455F4556 
 1480      545F4741 
 1480      50435F53 
 1480      43414E5F 
 1481              	.LASF38:
 1482 015b 4359424C 		.ascii	"CYBLE_EVT_GAP_OOB_GENERATED_NOTIFICATION\000"
 1482      455F4556 
 1482      545F4741 
 1482      505F4F4F 
 1482      425F4745 
 1483              	.LASF54:
 1484 0184 4359424C 		.ascii	"CYBLE_EVT_GATTC_READ_MULTI_RSP\000"
 1484      455F4556 
 1484      545F4741 
 1484      5454435F 
 1484      52454144 
 1485              	.LASF59:
 1486 01a3 4359424C 		.ascii	"CYBLE_EVT_GATTS_EXEC_WRITE_REQ\000"
 1486      455F4556 
 1486      545F4741 
 1486      5454535F 
 1486      45584543 
 1487              	.LASF153:
 1488 01c2 746F6767 		.ascii	"toggleTimeout\000"
 1488      6C655469 
 1488      6D656F75 
 1488      7400
 1489              	.LASF71:
 1490 01d0 4359424C 		.ascii	"CYBLE_EVT_L2CAP_CBFC_CONN_IND\000"
 1490      455F4556 
 1490      545F4C32 
 1490      4341505F 
 1490      43424643 
 1491              	.LASF18:
 1492 01ee 4359424C 		.ascii	"CYBLE_EVT_TIMEOUT\000"
 1492      455F4556 
 1492      545F5449 
 1492      4D454F55 
 1492      5400
 1493              	.LASF4:
 1494 0200 6C6F6E67 		.ascii	"long int\000"
 1494      20696E74 
 1494      00
 1495              	.LASF149:
 1496 0209 72656374 		.ascii	"recthing\000"
ARM GAS  C:\Users\zpstrwy\AppData\Local\Temp\ccs9nBbl.s 			page 33


 1496      68696E67 
 1496      00
 1497              	.LASF95:
 1498 0212 4359424C 		.ascii	"CYBLE_ERROR_L2CAP_PSM_WRONG_ENCODING\000"
 1498      455F4552 
 1498      524F525F 
 1498      4C324341 
 1498      505F5053 
 1499              	.LASF134:
 1500 0237 4359424C 		.ascii	"CYBLE_GATT_VALUE_T\000"
 1500      455F4741 
 1500      54545F56 
 1500      414C5545 
 1500      5F5400
 1501              	.LASF20:
 1502 024a 4359424C 		.ascii	"CYBLE_EVT_HCI_STATUS\000"
 1502      455F4556 
 1502      545F4843 
 1502      495F5354 
 1502      41545553 
 1503              	.LASF79:
 1504 025f 4359424C 		.ascii	"CYBLE_EVT_PENDING_FLASH_WRITE\000"
 1504      455F4556 
 1504      545F5045 
 1504      4E44494E 
 1504      475F464C 
 1505              	.LASF120:
 1506 027d 4359424C 		.ascii	"CYBLE_BLESS_STATE_ACTIVE\000"
 1506      455F424C 
 1506      4553535F 
 1506      53544154 
 1506      455F4143 
 1507              	.LASF32:
 1508 0296 4359424C 		.ascii	"CYBLE_EVT_GAP_ENCRYPT_CHANGE\000"
 1508      455F4556 
 1508      545F4741 
 1508      505F454E 
 1508      43525950 
 1509              	.LASF36:
 1510 02b3 4359424C 		.ascii	"CYBLE_EVT_GAP_NUMERIC_COMPARISON_REQUEST\000"
 1510      455F4556 
 1510      545F4741 
 1510      505F4E55 
 1510      4D455249 
 1511              	.LASF144:
 1512 02dc 4359424C 		.ascii	"CYBLE_STATE_ADVERTISING\000"
 1512      455F5354 
 1512      4154455F 
 1512      41445645 
 1512      52544953 
 1513              	.LASF6:
 1514 02f4 6C6F6E67 		.ascii	"long long int\000"
 1514      206C6F6E 
 1514      6720696E 
 1514      7400
 1515              	.LASF0:
 1516 0302 7369676E 		.ascii	"signed char\000"
ARM GAS  C:\Users\zpstrwy\AppData\Local\Temp\ccs9nBbl.s 			page 34


 1516      65642063 
 1516      68617200 
 1517              	.LASF17:
 1518 030e 4359424C 		.ascii	"CYBLE_EVT_STACK_ON\000"
 1518      455F4556 
 1518      545F5354 
 1518      41434B5F 
 1518      4F4E00
 1519              	.LASF102:
 1520 0321 4359424C 		.ascii	"CYBLE_ERROR_DEVICE_ALREADY_EXISTS\000"
 1520      455F4552 
 1520      524F525F 
 1520      44455649 
 1520      43455F41 
 1521              	.LASF89:
 1522 0343 4359424C 		.ascii	"CYBLE_ERROR_NO_DEVICE_ENTITY\000"
 1522      455F4552 
 1522      524F525F 
 1522      4E4F5F44 
 1522      45564943 
 1523              	.LASF133:
 1524 0360 61637475 		.ascii	"actualLen\000"
 1524      616C4C65 
 1524      6E00
 1525              	.LASF24:
 1526 036a 4359424C 		.ascii	"CYBLE_EVT_GAP_AUTH_REQ\000"
 1526      455F4556 
 1526      545F4741 
 1526      505F4155 
 1526      54485F52 
 1527              	.LASF52:
 1528 0381 4359424C 		.ascii	"CYBLE_EVT_GATTC_READ_RSP\000"
 1528      455F4556 
 1528      545F4741 
 1528      5454435F 
 1528      52454144 
 1529              	.LASF113:
 1530 039a 4359424C 		.ascii	"CYBLE_ERROR_INVALID_STATE\000"
 1530      455F4552 
 1530      524F525F 
 1530      494E5641 
 1530      4C49445F 
 1531              	.LASF163:
 1532 03b4 433A5C55 		.ascii	"C:\\Users\\zpstrwy\\Documents\\PSoC Creator\\IRCode"
 1532      73657273 
 1532      5C7A7073 
 1532      74727779 
 1532      5C446F63 
 1533 03e2 5C495243 		.ascii	"\\IRCode.cydsn\000"
 1533      6F64652E 
 1533      63796473 
 1533      6E00
 1534              	.LASF57:
 1535 03f0 4359424C 		.ascii	"CYBLE_EVT_GATTS_WRITE_CMD_REQ\000"
 1535      455F4556 
 1535      545F4741 
 1535      5454535F 
ARM GAS  C:\Users\zpstrwy\AppData\Local\Temp\ccs9nBbl.s 			page 35


 1535      57524954 
 1536              	.LASF70:
 1537 040e 4359424C 		.ascii	"CYBLE_EVT_L2CAP_COMMAND_REJ\000"
 1537      455F4556 
 1537      545F4C32 
 1537      4341505F 
 1537      434F4D4D 
 1538              	.LASF145:
 1539 042a 4359424C 		.ascii	"CYBLE_STATE_DISCONNECTED\000"
 1539      455F5354 
 1539      4154455F 
 1539      44495343 
 1539      4F4E4E45 
 1540              	.LASF29:
 1541 0443 4359424C 		.ascii	"CYBLE_EVT_GAPP_ADVERTISEMENT_START_STOP\000"
 1541      455F4556 
 1541      545F4741 
 1541      50505F41 
 1541      44564552 
 1542              	.LASF100:
 1543 046b 4359424C 		.ascii	"CYBLE_ERROR_L2CAP_PSM_NOT_IN_RANGE\000"
 1543      455F4552 
 1543      524F525F 
 1543      4C324341 
 1543      505F5053 
 1544              	.LASF9:
 1545 048e 75696E74 		.ascii	"uint8\000"
 1545      3800
 1546              	.LASF94:
 1547 0494 4359424C 		.ascii	"CYBLE_ERROR_SEC_FAILED\000"
 1547      455F4552 
 1547      524F525F 
 1547      5345435F 
 1547      4641494C 
 1548              	.LASF60:
 1549 04ab 4359424C 		.ascii	"CYBLE_EVT_GATTC_EXEC_WRITE_RSP\000"
 1549      455F4556 
 1549      545F4741 
 1549      5454435F 
 1549      45584543 
 1550              	.LASF13:
 1551 04ca 646F7562 		.ascii	"double\000"
 1551      6C6500
 1552              	.LASF73:
 1553 04d1 4359424C 		.ascii	"CYBLE_EVT_L2CAP_CBFC_DISCONN_IND\000"
 1553      455F4556 
 1553      545F4C32 
 1553      4341505F 
 1553      43424643 
 1554              	.LASF83:
 1555 04f2 4359424C 		.ascii	"CYBLE_ERROR_INVALID_PARAMETER\000"
 1555      455F4552 
 1555      524F525F 
 1555      494E5641 
 1555      4C49445F 
 1556              	.LASF11:
 1557 0510 75696E74 		.ascii	"uint32\000"
ARM GAS  C:\Users\zpstrwy\AppData\Local\Temp\ccs9nBbl.s 			page 36


 1557      333200
 1558              	.LASF160:
 1559 0517 616C6572 		.ascii	"alertLevel\000"
 1559      744C6576 
 1559      656C00
 1560              	.LASF81:
 1561 0522 4359424C 		.ascii	"CYBLE_EVT_MAX\000"
 1561      455F4556 
 1561      545F4D41 
 1561      5800
 1562              	.LASF82:
 1563 0530 4359424C 		.ascii	"CYBLE_ERROR_OK\000"
 1563      455F4552 
 1563      524F525F 
 1563      4F4B00
 1564              	.LASF43:
 1565 053f 4359424C 		.ascii	"CYBLE_EVT_GATTC_ERROR_RSP\000"
 1565      455F4556 
 1565      545F4741 
 1565      5454435F 
 1565      4552524F 
 1566              	.LASF68:
 1567 0559 4359424C 		.ascii	"CYBLE_EVT_L2CAP_CONN_PARAM_UPDATE_REQ\000"
 1567      455F4556 
 1567      545F4C32 
 1567      4341505F 
 1567      434F4E4E 
 1568              	.LASF78:
 1569 057f 4359424C 		.ascii	"CYBLE_EVT_L2CAP_CBFC_DATA_WRITE_IND\000"
 1569      455F4556 
 1569      545F4C32 
 1569      4341505F 
 1569      43424643 
 1570              	.LASF136:
 1571 05a3 61747472 		.ascii	"attrHandle\000"
 1571      48616E64 
 1571      6C6500
 1572              	.LASF7:
 1573 05ae 6C6F6E67 		.ascii	"long long unsigned int\000"
 1573      206C6F6E 
 1573      6720756E 
 1573      7369676E 
 1573      65642069 
 1574              	.LASF150:
 1575 05c5 74656D70 		.ascii	"temp\000"
 1575      00
 1576              	.LASF65:
 1577 05ca 4359424C 		.ascii	"CYBLE_EVT_GATTC_STOP_CMD_COMPLETE\000"
 1577      455F4556 
 1577      545F4741 
 1577      5454435F 
 1577      53544F50 
 1578              	.LASF87:
 1579 05ec 4359424C 		.ascii	"CYBLE_ERROR_OOB_NOT_AVAILABLE\000"
 1579      455F4552 
 1579      524F525F 
 1579      4F4F425F 
ARM GAS  C:\Users\zpstrwy\AppData\Local\Temp\ccs9nBbl.s 			page 37


 1579      4E4F545F 
 1580              	.LASF154:
 1581 060a 626C6573 		.ascii	"blessState\000"
 1581      73537461 
 1581      746500
 1582              	.LASF80:
 1583 0615 4359424C 		.ascii	"CYBLE_EVT_LE_PING_AUTH_TIMEOUT\000"
 1583      455F4556 
 1583      545F4C45 
 1583      5F50494E 
 1583      475F4155 
 1584              	.LASF96:
 1585 0634 4359424C 		.ascii	"CYBLE_ERROR_L2CAP_PSM_ALREADY_REGISTERED\000"
 1585      455F4552 
 1585      524F525F 
 1585      4C324341 
 1585      505F5053 
 1586              	.LASF164:
 1587 065d 5379735F 		.ascii	"Sys_GetCmd\000"
 1587      47657443 
 1587      6D6400
 1588              	.LASF5:
 1589 0668 6C6F6E67 		.ascii	"long unsigned int\000"
 1589      20756E73 
 1589      69676E65 
 1589      6420696E 
 1589      7400
 1590              	.LASF119:
 1591 067a 4359424C 		.ascii	"CYBLE_BLESS_INVALID\000"
 1591      455F424C 
 1591      4553535F 
 1591      494E5641 
 1591      4C494400 
 1592              	.LASF47:
 1593 068e 4359424C 		.ascii	"CYBLE_EVT_GATTC_XCHNG_MTU_RSP\000"
 1593      455F4556 
 1593      545F4741 
 1593      5454435F 
 1593      5843484E 
 1594              	.LASF64:
 1595 06ac 4359424C 		.ascii	"CYBLE_EVT_GATTS_DATA_SIGNED_CMD_REQ\000"
 1595      455F4556 
 1595      545F4741 
 1595      5454535F 
 1595      44415441 
 1596              	.LASF67:
 1597 06d0 4359424C 		.ascii	"CYBLE_EVT_GATTC_LONG_PROCEDURE_END\000"
 1597      455F4556 
 1597      545F4741 
 1597      5454435F 
 1597      4C4F4E47 
 1598              	.LASF99:
 1599 06f3 4359424C 		.ascii	"CYBLE_ERROR_L2CAP_CHANNEL_NOT_FOUND\000"
 1599      455F4552 
 1599      524F525F 
 1599      4C324341 
 1599      505F4348 
ARM GAS  C:\Users\zpstrwy\AppData\Local\Temp\ccs9nBbl.s 			page 38


 1600              	.LASF147:
 1601 0717 6576656E 		.ascii	"event\000"
 1601      7400
 1602              	.LASF155:
 1603 071d 696E7472 		.ascii	"intrStatus\000"
 1603      53746174 
 1603      757300
 1604              	.LASF110:
 1605 0728 4359424C 		.ascii	"CYBLE_ERROR_NTF_DISABLED\000"
 1605      455F4552 
 1605      524F525F 
 1605      4E54465F 
 1605      44495341 
 1606              	.LASF16:
 1607 0741 4359424C 		.ascii	"CYBLE_EVT_HOST_INVALID\000"
 1607      455F4556 
 1607      545F484F 
 1607      53545F49 
 1607      4E56414C 
 1608              	.LASF50:
 1609 0758 4359424C 		.ascii	"CYBLE_EVT_GATTC_FIND_INFO_RSP\000"
 1609      455F4556 
 1609      545F4741 
 1609      5454435F 
 1609      46494E44 
 1610              	.LASF22:
 1611 0776 4359424C 		.ascii	"CYBLE_EVT_MEMORY_REQUEST\000"
 1611      455F4556 
 1611      545F4D45 
 1611      4D4F5259 
 1611      5F524551 
 1612              	.LASF25:
 1613 078f 4359424C 		.ascii	"CYBLE_EVT_GAP_PASSKEY_ENTRY_REQUEST\000"
 1613      455F4556 
 1613      545F4741 
 1613      505F5041 
 1613      53534B45 
 1614              	.LASF30:
 1615 07b3 4359424C 		.ascii	"CYBLE_EVT_GAP_DEVICE_CONNECTED\000"
 1615      455F4556 
 1615      545F4741 
 1615      505F4445 
 1615      56494345 
 1616              	.LASF55:
 1617 07d2 4359424C 		.ascii	"CYBLE_EVT_GATTS_WRITE_REQ\000"
 1617      455F4556 
 1617      545F4741 
 1617      5454535F 
 1617      57524954 
 1618              	.LASF158:
 1619 07ec 6379426C 		.ascii	"cyBle_state\000"
 1619      655F7374 
 1619      61746500 
 1620              	.LASF26:
 1621 07f8 4359424C 		.ascii	"CYBLE_EVT_GAP_PASSKEY_DISPLAY_REQUEST\000"
 1621      455F4556 
 1621      545F4741 
ARM GAS  C:\Users\zpstrwy\AppData\Local\Temp\ccs9nBbl.s 			page 39


 1621      505F5041 
 1621      53534B45 
 1622              	.LASF44:
 1623 081e 4359424C 		.ascii	"CYBLE_EVT_GATT_CONNECT_IND\000"
 1623      455F4556 
 1623      545F4741 
 1623      54545F43 
 1623      4F4E4E45 
 1624              	.LASF131:
 1625 0839 61747449 		.ascii	"attId\000"
 1625      6400
 1626              	.LASF126:
 1627 083f 4359424C 		.ascii	"CYBLE_BLESS_STATE_HIBERNATE\000"
 1627      455F424C 
 1627      4553535F 
 1627      53544154 
 1627      455F4849 
 1628              	.LASF159:
 1629 085b 625F6E65 		.ascii	"b_newcmd\000"
 1629      77636D64 
 1629      00
 1630              	.LASF23:
 1631 0864 4359424C 		.ascii	"CYBLE_EVT_GAPC_SCAN_PROGRESS_RESULT\000"
 1631      455F4556 
 1631      545F4741 
 1631      50435F53 
 1631      43414E5F 
 1632              	.LASF139:
 1633 0888 68616E64 		.ascii	"handleValPair\000"
 1633      6C655661 
 1633      6C506169 
 1633      7200
 1634              	.LASF109:
 1635 0896 4359424C 		.ascii	"CYBLE_ERROR_MAX\000"
 1635      455F4552 
 1635      524F525F 
 1635      4D415800 
 1636              	.LASF107:
 1637 08a6 4359424C 		.ascii	"CYBLE_ERROR_FLASH_WRITE\000"
 1637      455F4552 
 1637      524F525F 
 1637      464C4153 
 1637      485F5752 
 1638              	.LASF49:
 1639 08be 4359424C 		.ascii	"CYBLE_EVT_GATTC_READ_BY_TYPE_RSP\000"
 1639      455F4556 
 1639      545F4741 
 1639      5454435F 
 1639      52454144 
 1640              	.LASF15:
 1641 08df 73697A65 		.ascii	"sizetype\000"
 1641      74797065 
 1641      00
 1642              	.LASF140:
 1643 08e8 4359424C 		.ascii	"CYBLE_GATTS_WRITE_REQ_PARAM_T\000"
 1643      455F4741 
 1643      5454535F 
ARM GAS  C:\Users\zpstrwy\AppData\Local\Temp\ccs9nBbl.s 			page 40


 1643      57524954 
 1643      455F5245 
 1644              	.LASF142:
 1645 0906 4359424C 		.ascii	"CYBLE_STATE_INITIALIZING\000"
 1645      455F5354 
 1645      4154455F 
 1645      494E4954 
 1645      49414C49 
 1646              	.LASF28:
 1647 091f 4359424C 		.ascii	"CYBLE_EVT_GAP_AUTH_FAILED\000"
 1647      455F4556 
 1647      545F4741 
 1647      505F4155 
 1647      54485F46 
 1648              	.LASF56:
 1649 0939 4359424C 		.ascii	"CYBLE_EVT_GATTC_WRITE_RSP\000"
 1649      455F4556 
 1649      545F4741 
 1649      5454435F 
 1649      57524954 
 1650              	.LASF41:
 1651 0953 4359424C 		.ascii	"CYBLE_EVT_GAPC_DIRECT_ADV_REPORT\000"
 1651      455F4556 
 1651      545F4741 
 1651      50435F44 
 1651      49524543 
 1652              	.LASF118:
 1653 0974 4359424C 		.ascii	"CYBLE_BLESS_HIBERNATE\000"
 1653      455F424C 
 1653      4553535F 
 1653      48494245 
 1653      524E4154 
 1654              	.LASF39:
 1655 098a 4359424C 		.ascii	"CYBLE_EVT_GAP_DATA_LENGTH_CHANGE\000"
 1655      455F4556 
 1655      545F4741 
 1655      505F4441 
 1655      54415F4C 
 1656              	.LASF27:
 1657 09ab 4359424C 		.ascii	"CYBLE_EVT_GAP_AUTH_COMPLETE\000"
 1657      455F4556 
 1657      545F4741 
 1657      505F4155 
 1657      54485F43 
 1658              	.LASF157:
 1659 09c7 61706952 		.ascii	"apiResult\000"
 1659      6573756C 
 1659      7400
 1660              	.LASF114:
 1661 09d1 4359424C 		.ascii	"CYBLE_API_RESULT_T\000"
 1661      455F4150 
 1661      495F5245 
 1661      53554C54 
 1661      5F5400
 1662              	.LASF61:
 1663 09e4 4359424C 		.ascii	"CYBLE_EVT_GATTC_HANDLE_VALUE_NTF\000"
 1663      455F4556 
ARM GAS  C:\Users\zpstrwy\AppData\Local\Temp\ccs9nBbl.s 			page 41


 1663      545F4741 
 1663      5454435F 
 1663      48414E44 
 1664              	.LASF111:
 1665 0a05 4359424C 		.ascii	"CYBLE_ERROR_IND_DISABLED\000"
 1665      455F4552 
 1665      524F525F 
 1665      494E445F 
 1665      44495341 
 1666              	.LASF137:
 1667 0a1e 4359424C 		.ascii	"CYBLE_GATT_HANDLE_VALUE_PAIR_T\000"
 1667      455F4741 
 1667      54545F48 
 1667      414E444C 
 1667      455F5641 
 1668              	.LASF72:
 1669 0a3d 4359424C 		.ascii	"CYBLE_EVT_L2CAP_CBFC_CONN_CNF\000"
 1669      455F4556 
 1669      545F4C32 
 1669      4341505F 
 1669      43424643 
 1670              	.LASF48:
 1671 0a5b 4359424C 		.ascii	"CYBLE_EVT_GATTC_READ_BY_GROUP_TYPE_RSP\000"
 1671      455F4556 
 1671      545F4741 
 1671      5454435F 
 1671      52454144 
 1672              	.LASF12:
 1673 0a82 666C6F61 		.ascii	"float\000"
 1673      7400
 1674              	.LASF122:
 1675 0a88 4359424C 		.ascii	"CYBLE_BLESS_STATE_SLEEP\000"
 1675      455F424C 
 1675      4553535F 
 1675      53544154 
 1675      455F534C 
 1676              	.LASF92:
 1677 0aa0 4359424C 		.ascii	"CYBLE_ERROR_TX_POWER_READ\000"
 1677      455F4552 
 1677      524F525F 
 1677      54585F50 
 1677      4F574552 
 1678              	.LASF112:
 1679 0aba 4359424C 		.ascii	"CYBLE_ERROR_CHAR_IS_NOT_DISCOVERED\000"
 1679      455F4552 
 1679      524F525F 
 1679      43484152 
 1679      5F49535F 
 1680              	.LASF1:
 1681 0add 756E7369 		.ascii	"unsigned char\000"
 1681      676E6564 
 1681      20636861 
 1681      7200
 1682              	.LASF10:
 1683 0aeb 75696E74 		.ascii	"uint16\000"
 1683      313600
 1684              	.LASF37:
ARM GAS  C:\Users\zpstrwy\AppData\Local\Temp\ccs9nBbl.s 			page 42


 1685 0af2 4359424C 		.ascii	"CYBLE_EVT_GAP_KEYPRESS_NOTIFICATION\000"
 1685      455F4556 
 1685      545F4741 
 1685      505F4B45 
 1685      59505245 
 1686              	.LASF2:
 1687 0b16 73686F72 		.ascii	"short int\000"
 1687      7420696E 
 1687      7400
 1688              	.LASF62:
 1689 0b20 4359424C 		.ascii	"CYBLE_EVT_GATTC_HANDLE_VALUE_IND\000"
 1689      455F4556 
 1689      545F4741 
 1689      5454435F 
 1689      48414E44 
 1690              	.LASF88:
 1691 0b41 4359424C 		.ascii	"CYBLE_ERROR_NO_CONNECTION\000"
 1691      455F4552 
 1691      524F525F 
 1691      4E4F5F43 
 1691      4F4E4E45 
 1692              	.LASF58:
 1693 0b5b 4359424C 		.ascii	"CYBLE_EVT_GATTS_PREP_WRITE_REQ\000"
 1693      455F4556 
 1693      545F4741 
 1693      5454535F 
 1693      50524550 
 1694              	.LASF127:
 1695 0b7a 4359424C 		.ascii	"CYBLE_BLESS_STATE_INVALID\000"
 1695      455F424C 
 1695      4553535F 
 1695      53544154 
 1695      455F494E 
 1696              	.LASF105:
 1697 0b94 4359424C 		.ascii	"CYBLE_ERROR_HARDWARE_FAILURE\000"
 1697      455F4552 
 1697      524F525F 
 1697      48415244 
 1697      57415245 
 1698              	.LASF135:
 1699 0bb1 76616C75 		.ascii	"value\000"
 1699      6500
 1700              	.LASF63:
 1701 0bb7 4359424C 		.ascii	"CYBLE_EVT_GATTS_HANDLE_VALUE_CNF\000"
 1701      455F4556 
 1701      545F4741 
 1701      5454535F 
 1701      48414E44 
 1702              	.LASF90:
 1703 0bd8 4359424C 		.ascii	"CYBLE_ERROR_REPEATED_ATTEMPTS\000"
 1703      455F4552 
 1703      524F525F 
 1703      52455045 
 1703      41544544 
 1704              	.LASF42:
 1705 0bf6 4359424C 		.ascii	"CYBLE_EVT_GAP_SMP_NEGOTIATED_AUTH_INFO\000"
 1705      455F4556 
ARM GAS  C:\Users\zpstrwy\AppData\Local\Temp\ccs9nBbl.s 			page 43


 1705      545F4741 
 1705      505F534D 
 1705      505F4E45 
 1706              	.LASF156:
 1707 0c1d 424C455F 		.ascii	"BLE_Init\000"
 1707      496E6974 
 1707      00
 1708              	.LASF128:
 1709 0c26 4359424C 		.ascii	"CYBLE_BLESS_STATE_T\000"
 1709      455F424C 
 1709      4553535F 
 1709      53544154 
 1709      455F5400 
 1710              	.LASF14:
 1711 0c3a 63686172 		.ascii	"char\000"
 1711      00
 1712              	.LASF116:
 1713 0c3f 4359424C 		.ascii	"CYBLE_BLESS_SLEEP\000"
 1713      455F424C 
 1713      4553535F 
 1713      534C4545 
 1713      5000
 1714              	.LASF93:
 1715 0c51 4359424C 		.ascii	"CYBLE_ERROR_BT_ON_NOT_COMPLETED\000"
 1715      455F4552 
 1715      524F525F 
 1715      42545F4F 
 1715      4E5F4E4F 
 1716              	.LASF31:
 1717 0c71 4359424C 		.ascii	"CYBLE_EVT_GAP_DEVICE_DISCONNECTED\000"
 1717      455F4556 
 1717      545F4741 
 1717      505F4445 
 1717      56494345 
 1718              	.LASF8:
 1719 0c93 756E7369 		.ascii	"unsigned int\000"
 1719      676E6564 
 1719      20696E74 
 1719      00
 1720              	.LASF66:
 1721 0ca0 4359424C 		.ascii	"CYBLE_EVT_GATTS_READ_CHAR_VAL_ACCESS_REQ\000"
 1721      455F4556 
 1721      545F4741 
 1721      5454535F 
 1721      52454144 
 1722              	.LASF77:
 1723 0cc9 4359424C 		.ascii	"CYBLE_EVT_L2CAP_CBFC_TX_CREDIT_IND\000"
 1723      455F4556 
 1723      545F4C32 
 1723      4341505F 
 1723      43424643 
 1724              	.LASF103:
 1725 0cec 4359424C 		.ascii	"CYBLE_ERROR_FLASH_WRITE_NOT_PERMITED\000"
 1725      455F4552 
 1725      524F525F 
 1725      464C4153 
 1725      485F5752 
ARM GAS  C:\Users\zpstrwy\AppData\Local\Temp\ccs9nBbl.s 			page 44


 1726              	.LASF98:
 1727 0d11 4359424C 		.ascii	"CYBLE_ERROR_L2CAP_CONNECTION_ENTITY_NOT_FOUND\000"
 1727      455F4552 
 1727      524F525F 
 1727      4C324341 
 1727      505F434F 
 1728              	.LASF19:
 1729 0d3f 4359424C 		.ascii	"CYBLE_EVT_HARDWARE_ERROR\000"
 1729      455F4556 
 1729      545F4841 
 1729      52445741 
 1729      52455F45 
 1730              	.LASF3:
 1731 0d58 73686F72 		.ascii	"short unsigned int\000"
 1731      7420756E 
 1731      7369676E 
 1731      65642069 
 1731      6E7400
 1732              	.LASF121:
 1733 0d6b 4359424C 		.ascii	"CYBLE_BLESS_STATE_EVENT_CLOSE\000"
 1733      455F424C 
 1733      4553535F 
 1733      53544154 
 1733      455F4556 
 1734              	.LASF84:
 1735 0d89 4359424C 		.ascii	"CYBLE_ERROR_INVALID_OPERATION\000"
 1735      455F4552 
 1735      524F525F 
 1735      494E5641 
 1735      4C49445F 
 1736              	.LASF46:
 1737 0da7 4359424C 		.ascii	"CYBLE_EVT_GATTS_XCNHG_MTU_REQ\000"
 1737      455F4556 
 1737      545F4741 
 1737      5454535F 
 1737      58434E48 
 1738              	.LASF148:
 1739 0dc5 6576656E 		.ascii	"eventParam\000"
 1739      74506172 
 1739      616D00
 1740              	.LASF86:
 1741 0dd0 4359424C 		.ascii	"CYBLE_ERROR_INSUFFICIENT_RESOURCES\000"
 1741      455F4552 
 1741      524F525F 
 1741      494E5355 
 1741      46464943 
 1742              	.LASF123:
 1743 0df3 4359424C 		.ascii	"CYBLE_BLESS_STATE_ECO_ON\000"
 1743      455F424C 
 1743      4553535F 
 1743      53544154 
 1743      455F4543 
 1744              	.LASF125:
 1745 0e0c 4359424C 		.ascii	"CYBLE_BLESS_STATE_DEEPSLEEP\000"
 1745      455F424C 
 1745      4553535F 
 1745      53544154 
ARM GAS  C:\Users\zpstrwy\AppData\Local\Temp\ccs9nBbl.s 			page 45


 1745      455F4445 
 1746              	.LASF146:
 1747 0e28 4359424C 		.ascii	"CYBLE_STATE_T\000"
 1747      455F5354 
 1747      4154455F 
 1747      5400
 1748              	.LASF53:
 1749 0e36 4359424C 		.ascii	"CYBLE_EVT_GATTC_READ_BLOB_RSP\000"
 1749      455F4556 
 1749      545F4741 
 1749      5454435F 
 1749      52454144 
 1750              	.LASF108:
 1751 0e54 4359424C 		.ascii	"CYBLE_ERROR_CONTROLLER_BUSY\000"
 1751      455F4552 
 1751      524F525F 
 1751      434F4E54 
 1751      524F4C4C 
 1752              	.LASF151:
 1753 0e70 53746163 		.ascii	"StackEventHandler\000"
 1753      6B457665 
 1753      6E744861 
 1753      6E646C65 
 1753      7200
 1754              	.LASF124:
 1755 0e82 4359424C 		.ascii	"CYBLE_BLESS_STATE_ECO_STABLE\000"
 1755      455F424C 
 1755      4553535F 
 1755      53544154 
 1755      455F4543 
 1756              	.LASF104:
 1757 0e9f 4359424C 		.ascii	"CYBLE_ERROR_MIC_AUTH_FAILED\000"
 1757      455F4552 
 1757      524F525F 
 1757      4D49435F 
 1757      41555448 
 1758              	.LASF97:
 1759 0ebb 4359424C 		.ascii	"CYBLE_ERROR_L2CAP_PSM_NOT_REGISTERED\000"
 1759      455F4552 
 1759      524F525F 
 1759      4C324341 
 1759      505F5053 
 1760              	.LASF143:
 1761 0ee0 4359424C 		.ascii	"CYBLE_STATE_CONNECTED\000"
 1761      455F5354 
 1761      4154455F 
 1761      434F4E4E 
 1761      45435445 
 1762              	.LASF117:
 1763 0ef6 4359424C 		.ascii	"CYBLE_BLESS_DEEPSLEEP\000"
 1763      455F424C 
 1763      4553535F 
 1763      44454550 
 1763      534C4545 
 1764              	.LASF161:
 1765 0f0c 474E5520 		.ascii	"GNU C 4.9.3 20150303 (release) [ARM/embedded-4_9-br"
 1765      4320342E 
ARM GAS  C:\Users\zpstrwy\AppData\Local\Temp\ccs9nBbl.s 			page 46


 1765      392E3320 
 1765      32303135 
 1765      30333033 
 1766 0f3f 616E6368 		.ascii	"anch revision 221220] -mcpu=cortex-m0 -mthumb -g -O"
 1766      20726576 
 1766      6973696F 
 1766      6E203232 
 1766      31323230 
 1767 0f72 30202D66 		.ascii	"0 -ffunction-sections -ffat-lto-objects\000"
 1767      66756E63 
 1767      74696F6E 
 1767      2D736563 
 1767      74696F6E 
 1768              	.LASF51:
 1769 0f9a 4359424C 		.ascii	"CYBLE_EVT_GATTC_FIND_BY_TYPE_VALUE_RSP\000"
 1769      455F4556 
 1769      545F4741 
 1769      5454435F 
 1769      46494E44 
 1770              	.LASF91:
 1771 0fc1 4359424C 		.ascii	"CYBLE_ERROR_GAP_ROLE\000"
 1771      455F4552 
 1771      524F525F 
 1771      4741505F 
 1771      524F4C45 
 1772              	.LASF35:
 1773 0fd6 4359424C 		.ascii	"CYBLE_EVT_GAP_KEYINFO_EXCHNGE_CMPLT\000"
 1773      455F4556 
 1773      545F4741 
 1773      505F4B45 
 1773      59494E46 
 1774              	.LASF130:
 1775 0ffa 62644861 		.ascii	"bdHandle\000"
 1775      6E646C65 
 1775      00
 1776              	.LASF69:
 1777 1003 4359424C 		.ascii	"CYBLE_EVT_L2CAP_CONN_PARAM_UPDATE_RSP\000"
 1777      455F4556 
 1777      545F4C32 
 1777      4341505F 
 1777      434F4E4E 
 1778              	.LASF115:
 1779 1029 4359424C 		.ascii	"CYBLE_BLESS_ACTIVE\000"
 1779      455F424C 
 1779      4553535F 
 1779      41435449 
 1779      564500
 1780              	.LASF40:
 1781 103c 4359424C 		.ascii	"CYBLE_EVT_GAP_ENHANCE_CONN_COMPLETE\000"
 1781      455F4556 
 1781      545F4741 
 1781      505F454E 
 1781      48414E43 
 1782              	.LASF129:
 1783 1060 4359424C 		.ascii	"CYBLE_GATT_DB_ATTR_HANDLE_T\000"
 1783      455F4741 
 1783      54545F44 
ARM GAS  C:\Users\zpstrwy\AppData\Local\Temp\ccs9nBbl.s 			page 47


 1783      425F4154 
 1783      54525F48 
 1784              	.LASF45:
 1785 107c 4359424C 		.ascii	"CYBLE_EVT_GATT_DISCONNECT_IND\000"
 1785      455F4556 
 1785      545F4741 
 1785      54545F44 
 1785      4953434F 
 1786              	.LASF101:
 1787 109a 4359424C 		.ascii	"CYBLE_ERROR_GATT_DB_INVALID_ATTR_HANDLE\000"
 1787      455F4552 
 1787      524F525F 
 1787      47415454 
 1787      5F44425F 
 1788              	.LASF162:
 1789 10c2 2E5C6170 		.ascii	".\\app_ble.c\000"
 1789      705F626C 
 1789      652E6300 
 1790              		.ident	"GCC: (GNU Tools for ARM Embedded Processors) 4.9.3 20150303 (release) [ARM/embedded-4_9-br
