--------------- Clean Started: 09/01/2016 23:31:50 Project: IRCode, Configuration: ARM GCC 4.9-2015-q1-update Debug ---------------
Deleting file ".\CortexM0\ARM_GCC_493\Debug\main.o"
Deleting file ".\CortexM0\ARM_GCC_493\Debug\IRCode.o"
Deleting file ".\CortexM0\ARM_GCC_493\Debug\Flash.o"
Deleting file ".\CortexM0\ARM_GCC_493\Debug\app_ble.o"
Deleting file ".\CortexM0\ARM_GCC_493\Debug\cyfitter_cfg.o"
Deleting file ".\CortexM0\ARM_GCC_493\Debug\cymetadata.o"
Deleting file ".\CortexM0\ARM_GCC_493\Debug\Advertising_LED.o"
Deleting file ".\CortexM0\ARM_GCC_493\Debug\Advertising_LED_PM.o"
Deleting file ".\CortexM0\ARM_GCC_493\Debug\BLE.o"
Deleting file ".\CortexM0\ARM_GCC_493\Debug\BLE_gatt.o"
Deleting file ".\CortexM0\ARM_GCC_493\Debug\BLE_ias.o"
Deleting file ".\CortexM0\ARM_GCC_493\Debug\BLE_eventHandler.o"
Deleting file ".\CortexM0\ARM_GCC_493\Debug\BLE_HAL_INT.o"
Deleting file ".\CortexM0\ARM_GCC_493\Debug\BLE_HAL_PVT.o"
Deleting file ".\CortexM0\ARM_GCC_493\Debug\BLE_custom.o"
Deleting file ".\CortexM0\ARM_GCC_493\Debug\Alert_LED.o"
Deleting file ".\CortexM0\ARM_GCC_493\Debug\Alert_LED_PM.o"
Deleting file ".\CortexM0\ARM_GCC_493\Debug\Disconnect_LED.o"
Deleting file ".\CortexM0\ARM_GCC_493\Debug\Disconnect_LED_PM.o"
Deleting file ".\CortexM0\ARM_GCC_493\Debug\BLE_bless_isr.o"
Deleting file ".\CortexM0\ARM_GCC_493\Debug\Cm0Start.o"
Deleting file ".\CortexM0\ARM_GCC_493\Debug\CyBootAsmGnu.o"
Deleting file ".\CortexM0\ARM_GCC_493\Debug\CyFlash.o"
Deleting file ".\CortexM0\ARM_GCC_493\Debug\CyLib.o"
Deleting file ".\CortexM0\ARM_GCC_493\Debug\cyPm.o"
Deleting file ".\CortexM0\ARM_GCC_493\Debug\cyutils.o"
Deleting file ".\CortexM0\ARM_GCC_493\Debug\CyLFClk.o"
Deleting file ".\CortexM0\ARM_GCC_493\Debug\Samp_DIN.o"
Deleting file ".\CortexM0\ARM_GCC_493\Debug\Samp_DIN_PM.o"
Deleting file ".\CortexM0\ARM_GCC_493\Debug\CTL_DOut.o"
Deleting file ".\CortexM0\ARM_GCC_493\Debug\CTL_DOut_PM.o"
Deleting file ".\CortexM0\ARM_GCC_493\Debug\ADC_SAP.o"
Deleting file ".\CortexM0\ARM_GCC_493\Debug\ADC_SAP_PM.o"
Deleting file ".\CortexM0\ARM_GCC_493\Debug\ADC_SAP_INT.o"
Deleting file ".\CortexM0\ARM_GCC_493\Debug\ADC_SAP_IRQ.o"
Deleting file ".\CortexM0\ARM_GCC_493\Debug\ADC_SAP_intClock.o"
Deleting file ".\CortexM0\ARM_GCC_493\Debug\Timer.o"
Deleting file ".\CortexM0\ARM_GCC_493\Debug\Timer_PM.o"
Deleting file ".\CortexM0\ARM_GCC_493\Debug\SW1.o"
Deleting file ".\CortexM0\ARM_GCC_493\Debug\SW1_PM.o"
Deleting file ".\CortexM0\ARM_GCC_493\Debug\PWM_SEND.o"
Deleting file ".\CortexM0\ARM_GCC_493\Debug\PWM_SEND_PM.o"
Deleting file ".\CortexM0\ARM_GCC_493\Debug\Clock_2.o"
Deleting file ".\CortexM0\ARM_GCC_493\Debug\IRCode.hex"
Deleting file ".\CortexM0\ARM_GCC_493\Debug\IRCode.elf"
Deleting file ".\CortexM0\ARM_GCC_493\Debug\IRCode.map"
Deleting file ".\IRCode.cycdx"
Deleting file ".\IRCode.svd"
Deleting file ".\IRCode.rpt"
Deleting file ".\IRCode_timing.html"
Deleting file ".\CortexM0\ARM_GCC_493\Debug\.deps\C_FILE.P"
Deleting file ".\CortexM0\ARM_GCC_493\Debug\.deps\ARM_C_FILE.P"
Deleting file ".\CortexM0\ARM_GCC_493\Debug\.deps\GNU_ARM_ASM_FILE.P"
--------------- Clean Succeeded: 09/01/2016 23:31:51 ---------------
