ARM GAS  C:\Users\zpstrwy\AppData\Local\Temp\cc1pX5o7.s 			page 1


   1              		.cpu cortex-m0
   2              		.fpu softvfp
   3              		.eabi_attribute 20, 1
   4              		.eabi_attribute 21, 1
   5              		.eabi_attribute 23, 3
   6              		.eabi_attribute 24, 1
   7              		.eabi_attribute 25, 1
   8              		.eabi_attribute 26, 1
   9              		.eabi_attribute 30, 6
  10              		.eabi_attribute 34, 0
  11              		.eabi_attribute 18, 4
  12              		.code	16
  13              		.file	"main.c"
  14              		.text
  15              	.Ltext0:
  16              		.cfi_sections	.debug_frame
  17              		.section	.text.main,"ax",%progbits
  18              		.align	2
  19              		.global	main
  20              		.code	16
  21              		.thumb_func
  22              		.type	main, %function
  23              	main:
  24              	.LFB37:
  25              		.file 1 ".\\main.c"
   1:.\main.c      **** /*******************************************************************************
   2:.\main.c      **** * File Name: main.c
   3:.\main.c      **** *
   4:.\main.c      **** * Version: 1.0
   5:.\main.c      **** *
   6:.\main.c      **** * Description:
   7:.\main.c      **** *  This is source code for the PSoC 4 BLE Find Me Profile Target example project.
   8:.\main.c      **** *
   9:.\main.c      **** * Note:
  10:.\main.c      **** *
  11:.\main.c      **** * Owners:
  12:.\main.c      **** *  OLEG@CYPRESS.COM, KRIS@CYPRESS.COM
  13:.\main.c      **** *
  14:.\main.c      **** * Related Document:
  15:.\main.c      **** *
  16:.\main.c      **** * Hardware Dependency:
  17:.\main.c      **** *  1. PSoC 4 BLE device
  18:.\main.c      **** *  2. CY8CKIT-042 BLE Pioneer Kit
  19:.\main.c      **** *
  20:.\main.c      **** * Code Tested With:
  21:.\main.c      **** *  1. PSoC Creator 3.1
  22:.\main.c      **** *  2. ARM CM3-RVDS
  23:.\main.c      **** *  3. ARM CM3-GCC
  24:.\main.c      **** *  4. ARM CM3-MDK
  25:.\main.c      **** *
  26:.\main.c      **** ********************************************************************************
  27:.\main.c      **** * Copyright 2015, Cypress Semiconductor Corporation.  All rights reserved.
  28:.\main.c      **** * You may use this file only in accordance with the license, terms, conditions,
  29:.\main.c      **** * disclaimers, and limitations in the end user license agreement accompanying
  30:.\main.c      **** * the software package with which this file was provided.
  31:.\main.c      **** *******************************************************************************/
  32:.\main.c      **** 
ARM GAS  C:\Users\zpstrwy\AppData\Local\Temp\cc1pX5o7.s 			page 2


  33:.\main.c      **** #include <project.h>
  34:.\main.c      **** #include "app_ble.h"
  35:.\main.c      **** #include "common.h"
  36:.\main.c      **** #include "ircode.h"
  37:.\main.c      **** #include "app_ble.h"
  38:.\main.c      **** 
  39:.\main.c      **** int main()
  40:.\main.c      **** {
  26              		.loc 1 40 0
  27              		.cfi_startproc
  28 0000 90B5     		push	{r4, r7, lr}
  29              		.cfi_def_cfa_offset 12
  30              		.cfi_offset 4, -12
  31              		.cfi_offset 7, -8
  32              		.cfi_offset 14, -4
  33 0002 83B0     		sub	sp, sp, #12
  34              		.cfi_def_cfa_offset 24
  35 0004 00AF     		add	r7, sp, #0
  36              		.cfi_def_cfa_register 7
  41:.\main.c      ****     uint8 cmd = 0;
  37              		.loc 1 41 0
  38 0006 FB1D     		add	r3, r7, #7
  39 0008 0022     		mov	r2, #0
  40 000a 1A70     		strb	r2, [r3]
  42:.\main.c      ****     BLE_Init();
  41              		.loc 1 42 0
  42 000c FFF7FEFF 		bl	BLE_Init
  43:.\main.c      **** 	IrCode_Init();
  43              		.loc 1 43 0
  44 0010 FFF7FEFF 		bl	IrCode_Init
  44:.\main.c      ****     CyGlobalIntEnable;
  45              		.loc 1 44 0
  46              	@ 44 ".\main.c" 1
  47 0014 62B6     		CPSIE   i
  48              	@ 0 "" 2
  49              		.code	16
  50              	.L9:
  45:.\main.c      ****     for(;;)
  46:.\main.c      ****     {
  47:.\main.c      ****     	BLE_Loop();
  51              		.loc 1 47 0
  52 0016 FFF7FEFF 		bl	BLE_Loop
  48:.\main.c      **** 		if(IrCode_ScanKey())
  53              		.loc 1 48 0
  54 001a FFF7FEFF 		bl	IrCode_ScanKey
  55 001e 031E     		sub	r3, r0, #0
  56 0020 01D0     		beq	.L2
  49:.\main.c      **** 		{
  50:.\main.c      **** 			IrBlink_RedLed();
  57              		.loc 1 50 0
  58 0022 FFF7FEFF 		bl	IrBlink_RedLed
  59              	.L2:
  51:.\main.c      **** 		}	
  52:.\main.c      ****     	cmd = Sys_GetCmd();
  60              		.loc 1 52 0
  61 0026 FC1D     		add	r4, r7, #7
  62 0028 FFF7FEFF 		bl	Sys_GetCmd
ARM GAS  C:\Users\zpstrwy\AppData\Local\Temp\cc1pX5o7.s 			page 3


  63 002c 031C     		mov	r3, r0
  64 002e 2370     		strb	r3, [r4]
  53:.\main.c      ****     	if(SW1_Read() ==0)   //测试
  65              		.loc 1 53 0
  66 0030 FFF7FEFF 		bl	SW1_Read
  67 0034 031E     		sub	r3, r0, #0
  68 0036 02D1     		bne	.L3
  54:.\main.c      ****     	{
  55:.\main.c      ****     		cmd =1;
  69              		.loc 1 55 0
  70 0038 FB1D     		add	r3, r7, #7
  71 003a 0122     		mov	r2, #1
  72 003c 1A70     		strb	r2, [r3]
  73              	.L3:
  56:.\main.c      ****     	}
  57:.\main.c      **** 		if(cmd &&cmd<0x80)
  74              		.loc 1 57 0
  75 003e FB1D     		add	r3, r7, #7
  76 0040 1B78     		ldrb	r3, [r3]
  77 0042 002B     		cmp	r3, #0
  78 0044 19D0     		beq	.L4
  79              		.loc 1 57 0 is_stmt 0 discriminator 1
  80 0046 FB1D     		add	r3, r7, #7
  81 0048 1B78     		ldrb	r3, [r3]
  82 004a 5BB2     		sxtb	r3, r3
  83 004c 002B     		cmp	r3, #0
  84 004e 14DB     		blt	.L4
  58:.\main.c      **** 		{
  59:.\main.c      **** 			if(gtag_ircode.study_flag == 0)
  85              		.loc 1 59 0 is_stmt 1
  86 0050 144B     		ldr	r3, .L10
  87 0052 9B79     		ldrb	r3, [r3, #6]
  88 0054 DBB2     		uxtb	r3, r3
  89 0056 002B     		cmp	r3, #0
  90 0058 07D1     		bne	.L5
  60:.\main.c      **** 			{
  61:.\main.c      **** 				IrBlink_RedLed();
  91              		.loc 1 61 0
  92 005a FFF7FEFF 		bl	IrBlink_RedLed
  62:.\main.c      **** 				IrCode_SendKey(cmd);
  93              		.loc 1 62 0
  94 005e FB1D     		add	r3, r7, #7
  95 0060 1B78     		ldrb	r3, [r3]
  96 0062 181C     		mov	r0, r3
  97 0064 FFF7FEFF 		bl	IrCode_SendKey
  59:.\main.c      **** 			{
  98              		.loc 1 59 0
  99 0068 1AE0     		b	.L7
 100              	.L5:
  63:.\main.c      **** 			}else   //学习功能开始
  64:.\main.c      **** 			{
  65:.\main.c      **** 				IrBlink_RedLed();
 101              		.loc 1 65 0
 102 006a FFF7FEFF 		bl	IrBlink_RedLed
  66:.\main.c      **** 				IrCode_Study(cmd);
 103              		.loc 1 66 0
 104 006e FB1D     		add	r3, r7, #7
ARM GAS  C:\Users\zpstrwy\AppData\Local\Temp\cc1pX5o7.s 			page 4


 105 0070 1B78     		ldrb	r3, [r3]
 106 0072 181C     		mov	r0, r3
 107 0074 FFF7FEFF 		bl	IrCode_Study
  59:.\main.c      **** 			{
 108              		.loc 1 59 0
 109 0078 12E0     		b	.L7
 110              	.L4:
  67:.\main.c      **** 			}
  68:.\main.c      **** 		}
  69:.\main.c      **** 		else if(cmd == 0x80)
 111              		.loc 1 69 0
 112 007a FB1D     		add	r3, r7, #7
 113 007c 1B78     		ldrb	r3, [r3]
 114 007e 802B     		cmp	r3, #128
 115 0080 05D1     		bne	.L8
  70:.\main.c      **** 		{
  71:.\main.c      **** 			IrBlink_RedLed();
 116              		.loc 1 71 0
 117 0082 FFF7FEFF 		bl	IrBlink_RedLed
  72:.\main.c      **** 			gtag_ircode.study_flag = 1;
 118              		.loc 1 72 0
 119 0086 074B     		ldr	r3, .L10
 120 0088 0122     		mov	r2, #1
 121 008a 9A71     		strb	r2, [r3, #6]
 122 008c 08E0     		b	.L7
 123              	.L8:
  73:.\main.c      **** 		}
  74:.\main.c      **** 		else if(cmd == 0x81)
 124              		.loc 1 74 0
 125 008e FB1D     		add	r3, r7, #7
 126 0090 1B78     		ldrb	r3, [r3]
 127 0092 812B     		cmp	r3, #129
 128 0094 04D1     		bne	.L7
  75:.\main.c      **** 		{
  76:.\main.c      **** 			IrBlink_RedLed();
 129              		.loc 1 76 0
 130 0096 FFF7FEFF 		bl	IrBlink_RedLed
  77:.\main.c      **** 			gtag_ircode.study_flag = 0;
 131              		.loc 1 77 0
 132 009a 024B     		ldr	r3, .L10
 133 009c 0022     		mov	r2, #0
 134 009e 9A71     		strb	r2, [r3, #6]
 135              	.L7:
  78:.\main.c      **** 		}		
  79:.\main.c      **** 		else
  80:.\main.c      **** 		{
  81:.\main.c      **** 			
  82:.\main.c      **** 		}
  83:.\main.c      ****    		
  84:.\main.c      ****     }
 136              		.loc 1 84 0 discriminator 1
 137 00a0 B9E7     		b	.L9
 138              	.L11:
 139 00a2 C046     		.align	2
 140              	.L10:
 141 00a4 00000000 		.word	gtag_ircode
 142              		.cfi_endproc
ARM GAS  C:\Users\zpstrwy\AppData\Local\Temp\cc1pX5o7.s 			page 5


 143              	.LFE37:
 144              		.size	main, .-main
 145              		.text
 146              	.Letext0:
 147              		.file 2 "Generated_Source\\PSoC4/cytypes.h"
 148              		.file 3 ".\\ircode.h"
 149              		.section	.debug_info,"",%progbits
 150              	.Ldebug_info0:
 151 0000 40010000 		.4byte	0x140
 152 0004 0400     		.2byte	0x4
 153 0006 00000000 		.4byte	.Ldebug_abbrev0
 154 000a 04       		.byte	0x4
 155 000b 01       		.uleb128 0x1
 156 000c C3000000 		.4byte	.LASF23
 157 0010 01       		.byte	0x1
 158 0011 72000000 		.4byte	.LASF24
 159 0015 87000000 		.4byte	.LASF25
 160 0019 00000000 		.4byte	.Ldebug_ranges0+0
 161 001d 00000000 		.4byte	0
 162 0021 00000000 		.4byte	.Ldebug_line0
 163 0025 02       		.uleb128 0x2
 164 0026 01       		.byte	0x1
 165 0027 06       		.byte	0x6
 166 0028 C7010000 		.4byte	.LASF0
 167 002c 02       		.uleb128 0x2
 168 002d 01       		.byte	0x1
 169 002e 08       		.byte	0x8
 170 002f 40000000 		.4byte	.LASF1
 171 0033 02       		.uleb128 0x2
 172 0034 02       		.byte	0x2
 173 0035 05       		.byte	0x5
 174 0036 A7010000 		.4byte	.LASF2
 175 003a 02       		.uleb128 0x2
 176 003b 02       		.byte	0x2
 177 003c 07       		.byte	0x7
 178 003d D3010000 		.4byte	.LASF3
 179 0041 02       		.uleb128 0x2
 180 0042 04       		.byte	0x4
 181 0043 05       		.byte	0x5
 182 0044 BE010000 		.4byte	.LASF4
 183 0048 02       		.uleb128 0x2
 184 0049 04       		.byte	0x4
 185 004a 07       		.byte	0x7
 186 004b 4E000000 		.4byte	.LASF5
 187 004f 02       		.uleb128 0x2
 188 0050 08       		.byte	0x8
 189 0051 05       		.byte	0x5
 190 0052 99010000 		.4byte	.LASF6
 191 0056 02       		.uleb128 0x2
 192 0057 08       		.byte	0x8
 193 0058 07       		.byte	0x7
 194 0059 29000000 		.4byte	.LASF7
 195 005d 03       		.uleb128 0x3
 196 005e 04       		.byte	0x4
 197 005f 05       		.byte	0x5
 198 0060 696E7400 		.ascii	"int\000"
 199 0064 02       		.uleb128 0x2
ARM GAS  C:\Users\zpstrwy\AppData\Local\Temp\cc1pX5o7.s 			page 6


 200 0065 04       		.byte	0x4
 201 0066 07       		.byte	0x7
 202 0067 5F010000 		.4byte	.LASF8
 203 006b 04       		.uleb128 0x4
 204 006c 60000000 		.4byte	.LASF9
 205 0070 02       		.byte	0x2
 206 0071 9801     		.2byte	0x198
 207 0073 2C000000 		.4byte	0x2c
 208 0077 04       		.uleb128 0x4
 209 0078 51010000 		.4byte	.LASF10
 210 007c 02       		.byte	0x2
 211 007d 9901     		.2byte	0x199
 212 007f 3A000000 		.4byte	0x3a
 213 0083 04       		.uleb128 0x4
 214 0084 58010000 		.4byte	.LASF11
 215 0088 02       		.byte	0x2
 216 0089 9A01     		.2byte	0x19a
 217 008b 48000000 		.4byte	0x48
 218 008f 02       		.uleb128 0x2
 219 0090 04       		.byte	0x4
 220 0091 04       		.byte	0x4
 221 0092 23000000 		.4byte	.LASF12
 222 0096 02       		.uleb128 0x2
 223 0097 08       		.byte	0x8
 224 0098 04       		.byte	0x4
 225 0099 7B000000 		.4byte	.LASF13
 226 009d 02       		.uleb128 0x2
 227 009e 01       		.byte	0x1
 228 009f 08       		.byte	0x8
 229 00a0 6C010000 		.4byte	.LASF14
 230 00a4 02       		.uleb128 0x2
 231 00a5 04       		.byte	0x4
 232 00a6 07       		.byte	0x7
 233 00a7 90010000 		.4byte	.LASF15
 234 00ab 05       		.uleb128 0x5
 235 00ac 66000000 		.4byte	.LASF26
 236 00b0 0C       		.byte	0xc
 237 00b1 03       		.byte	0x3
 238 00b2 19       		.byte	0x19
 239 00b3 00010000 		.4byte	0x100
 240 00b7 06       		.uleb128 0x6
 241 00b8 71010000 		.4byte	.LASF16
 242 00bc 03       		.byte	0x3
 243 00bd 1B       		.byte	0x1b
 244 00be 6B000000 		.4byte	0x6b
 245 00c2 00       		.byte	0
 246 00c3 06       		.uleb128 0x6
 247 00c4 7E010000 		.4byte	.LASF17
 248 00c8 03       		.byte	0x3
 249 00c9 1C       		.byte	0x1c
 250 00ca 6B000000 		.4byte	0x6b
 251 00ce 01       		.byte	0x1
 252 00cf 06       		.uleb128 0x6
 253 00d0 00000000 		.4byte	.LASF18
 254 00d4 03       		.byte	0x3
 255 00d5 1D       		.byte	0x1d
 256 00d6 6B000000 		.4byte	0x6b
ARM GAS  C:\Users\zpstrwy\AppData\Local\Temp\cc1pX5o7.s 			page 7


 257 00da 02       		.byte	0x2
 258 00db 06       		.uleb128 0x6
 259 00dc B1010000 		.4byte	.LASF19
 260 00e0 03       		.byte	0x3
 261 00e1 1E       		.byte	0x1e
 262 00e2 77000000 		.4byte	0x77
 263 00e6 04       		.byte	0x4
 264 00e7 06       		.uleb128 0x6
 265 00e8 85010000 		.4byte	.LASF20
 266 00ec 03       		.byte	0x3
 267 00ed 1F       		.byte	0x1f
 268 00ee 6B000000 		.4byte	0x6b
 269 00f2 06       		.byte	0x6
 270 00f3 06       		.uleb128 0x6
 271 00f4 0E000000 		.4byte	.LASF21
 272 00f8 03       		.byte	0x3
 273 00f9 20       		.byte	0x20
 274 00fa 83000000 		.4byte	0x83
 275 00fe 08       		.byte	0x8
 276 00ff 00       		.byte	0
 277 0100 07       		.uleb128 0x7
 278 0101 18000000 		.4byte	.LASF22
 279 0105 03       		.byte	0x3
 280 0106 21       		.byte	0x21
 281 0107 AB000000 		.4byte	0xab
 282 010b 08       		.uleb128 0x8
 283 010c 82000000 		.4byte	.LASF27
 284 0110 01       		.byte	0x1
 285 0111 27       		.byte	0x27
 286 0112 5D000000 		.4byte	0x5d
 287 0116 00000000 		.4byte	.LFB37
 288 011a A8000000 		.4byte	.LFE37-.LFB37
 289 011e 01       		.uleb128 0x1
 290 011f 9C       		.byte	0x9c
 291 0120 33010000 		.4byte	0x133
 292 0124 09       		.uleb128 0x9
 293 0125 636D6400 		.ascii	"cmd\000"
 294 0129 01       		.byte	0x1
 295 012a 29       		.byte	0x29
 296 012b 6B000000 		.4byte	0x6b
 297 012f 02       		.uleb128 0x2
 298 0130 91       		.byte	0x91
 299 0131 6F       		.sleb128 -17
 300 0132 00       		.byte	0
 301 0133 0A       		.uleb128 0xa
 302 0134 E6010000 		.4byte	.LASF28
 303 0138 03       		.byte	0x3
 304 0139 24       		.byte	0x24
 305 013a 3E010000 		.4byte	0x13e
 306 013e 0B       		.uleb128 0xb
 307 013f 00010000 		.4byte	0x100
 308 0143 00       		.byte	0
 309              		.section	.debug_abbrev,"",%progbits
 310              	.Ldebug_abbrev0:
 311 0000 01       		.uleb128 0x1
 312 0001 11       		.uleb128 0x11
 313 0002 01       		.byte	0x1
ARM GAS  C:\Users\zpstrwy\AppData\Local\Temp\cc1pX5o7.s 			page 8


 314 0003 25       		.uleb128 0x25
 315 0004 0E       		.uleb128 0xe
 316 0005 13       		.uleb128 0x13
 317 0006 0B       		.uleb128 0xb
 318 0007 03       		.uleb128 0x3
 319 0008 0E       		.uleb128 0xe
 320 0009 1B       		.uleb128 0x1b
 321 000a 0E       		.uleb128 0xe
 322 000b 55       		.uleb128 0x55
 323 000c 17       		.uleb128 0x17
 324 000d 11       		.uleb128 0x11
 325 000e 01       		.uleb128 0x1
 326 000f 10       		.uleb128 0x10
 327 0010 17       		.uleb128 0x17
 328 0011 00       		.byte	0
 329 0012 00       		.byte	0
 330 0013 02       		.uleb128 0x2
 331 0014 24       		.uleb128 0x24
 332 0015 00       		.byte	0
 333 0016 0B       		.uleb128 0xb
 334 0017 0B       		.uleb128 0xb
 335 0018 3E       		.uleb128 0x3e
 336 0019 0B       		.uleb128 0xb
 337 001a 03       		.uleb128 0x3
 338 001b 0E       		.uleb128 0xe
 339 001c 00       		.byte	0
 340 001d 00       		.byte	0
 341 001e 03       		.uleb128 0x3
 342 001f 24       		.uleb128 0x24
 343 0020 00       		.byte	0
 344 0021 0B       		.uleb128 0xb
 345 0022 0B       		.uleb128 0xb
 346 0023 3E       		.uleb128 0x3e
 347 0024 0B       		.uleb128 0xb
 348 0025 03       		.uleb128 0x3
 349 0026 08       		.uleb128 0x8
 350 0027 00       		.byte	0
 351 0028 00       		.byte	0
 352 0029 04       		.uleb128 0x4
 353 002a 16       		.uleb128 0x16
 354 002b 00       		.byte	0
 355 002c 03       		.uleb128 0x3
 356 002d 0E       		.uleb128 0xe
 357 002e 3A       		.uleb128 0x3a
 358 002f 0B       		.uleb128 0xb
 359 0030 3B       		.uleb128 0x3b
 360 0031 05       		.uleb128 0x5
 361 0032 49       		.uleb128 0x49
 362 0033 13       		.uleb128 0x13
 363 0034 00       		.byte	0
 364 0035 00       		.byte	0
 365 0036 05       		.uleb128 0x5
 366 0037 13       		.uleb128 0x13
 367 0038 01       		.byte	0x1
 368 0039 03       		.uleb128 0x3
 369 003a 0E       		.uleb128 0xe
 370 003b 0B       		.uleb128 0xb
ARM GAS  C:\Users\zpstrwy\AppData\Local\Temp\cc1pX5o7.s 			page 9


 371 003c 0B       		.uleb128 0xb
 372 003d 3A       		.uleb128 0x3a
 373 003e 0B       		.uleb128 0xb
 374 003f 3B       		.uleb128 0x3b
 375 0040 0B       		.uleb128 0xb
 376 0041 01       		.uleb128 0x1
 377 0042 13       		.uleb128 0x13
 378 0043 00       		.byte	0
 379 0044 00       		.byte	0
 380 0045 06       		.uleb128 0x6
 381 0046 0D       		.uleb128 0xd
 382 0047 00       		.byte	0
 383 0048 03       		.uleb128 0x3
 384 0049 0E       		.uleb128 0xe
 385 004a 3A       		.uleb128 0x3a
 386 004b 0B       		.uleb128 0xb
 387 004c 3B       		.uleb128 0x3b
 388 004d 0B       		.uleb128 0xb
 389 004e 49       		.uleb128 0x49
 390 004f 13       		.uleb128 0x13
 391 0050 38       		.uleb128 0x38
 392 0051 0B       		.uleb128 0xb
 393 0052 00       		.byte	0
 394 0053 00       		.byte	0
 395 0054 07       		.uleb128 0x7
 396 0055 16       		.uleb128 0x16
 397 0056 00       		.byte	0
 398 0057 03       		.uleb128 0x3
 399 0058 0E       		.uleb128 0xe
 400 0059 3A       		.uleb128 0x3a
 401 005a 0B       		.uleb128 0xb
 402 005b 3B       		.uleb128 0x3b
 403 005c 0B       		.uleb128 0xb
 404 005d 49       		.uleb128 0x49
 405 005e 13       		.uleb128 0x13
 406 005f 00       		.byte	0
 407 0060 00       		.byte	0
 408 0061 08       		.uleb128 0x8
 409 0062 2E       		.uleb128 0x2e
 410 0063 01       		.byte	0x1
 411 0064 3F       		.uleb128 0x3f
 412 0065 19       		.uleb128 0x19
 413 0066 03       		.uleb128 0x3
 414 0067 0E       		.uleb128 0xe
 415 0068 3A       		.uleb128 0x3a
 416 0069 0B       		.uleb128 0xb
 417 006a 3B       		.uleb128 0x3b
 418 006b 0B       		.uleb128 0xb
 419 006c 49       		.uleb128 0x49
 420 006d 13       		.uleb128 0x13
 421 006e 11       		.uleb128 0x11
 422 006f 01       		.uleb128 0x1
 423 0070 12       		.uleb128 0x12
 424 0071 06       		.uleb128 0x6
 425 0072 40       		.uleb128 0x40
 426 0073 18       		.uleb128 0x18
 427 0074 9642     		.uleb128 0x2116
ARM GAS  C:\Users\zpstrwy\AppData\Local\Temp\cc1pX5o7.s 			page 10


 428 0076 19       		.uleb128 0x19
 429 0077 01       		.uleb128 0x1
 430 0078 13       		.uleb128 0x13
 431 0079 00       		.byte	0
 432 007a 00       		.byte	0
 433 007b 09       		.uleb128 0x9
 434 007c 34       		.uleb128 0x34
 435 007d 00       		.byte	0
 436 007e 03       		.uleb128 0x3
 437 007f 08       		.uleb128 0x8
 438 0080 3A       		.uleb128 0x3a
 439 0081 0B       		.uleb128 0xb
 440 0082 3B       		.uleb128 0x3b
 441 0083 0B       		.uleb128 0xb
 442 0084 49       		.uleb128 0x49
 443 0085 13       		.uleb128 0x13
 444 0086 02       		.uleb128 0x2
 445 0087 18       		.uleb128 0x18
 446 0088 00       		.byte	0
 447 0089 00       		.byte	0
 448 008a 0A       		.uleb128 0xa
 449 008b 34       		.uleb128 0x34
 450 008c 00       		.byte	0
 451 008d 03       		.uleb128 0x3
 452 008e 0E       		.uleb128 0xe
 453 008f 3A       		.uleb128 0x3a
 454 0090 0B       		.uleb128 0xb
 455 0091 3B       		.uleb128 0x3b
 456 0092 0B       		.uleb128 0xb
 457 0093 49       		.uleb128 0x49
 458 0094 13       		.uleb128 0x13
 459 0095 3F       		.uleb128 0x3f
 460 0096 19       		.uleb128 0x19
 461 0097 3C       		.uleb128 0x3c
 462 0098 19       		.uleb128 0x19
 463 0099 00       		.byte	0
 464 009a 00       		.byte	0
 465 009b 0B       		.uleb128 0xb
 466 009c 35       		.uleb128 0x35
 467 009d 00       		.byte	0
 468 009e 49       		.uleb128 0x49
 469 009f 13       		.uleb128 0x13
 470 00a0 00       		.byte	0
 471 00a1 00       		.byte	0
 472 00a2 00       		.byte	0
 473              		.section	.debug_aranges,"",%progbits
 474 0000 1C000000 		.4byte	0x1c
 475 0004 0200     		.2byte	0x2
 476 0006 00000000 		.4byte	.Ldebug_info0
 477 000a 04       		.byte	0x4
 478 000b 00       		.byte	0
 479 000c 0000     		.2byte	0
 480 000e 0000     		.2byte	0
 481 0010 00000000 		.4byte	.LFB37
 482 0014 A8000000 		.4byte	.LFE37-.LFB37
 483 0018 00000000 		.4byte	0
 484 001c 00000000 		.4byte	0
ARM GAS  C:\Users\zpstrwy\AppData\Local\Temp\cc1pX5o7.s 			page 11


 485              		.section	.debug_ranges,"",%progbits
 486              	.Ldebug_ranges0:
 487 0000 00000000 		.4byte	.LFB37
 488 0004 A8000000 		.4byte	.LFE37
 489 0008 00000000 		.4byte	0
 490 000c 00000000 		.4byte	0
 491              		.section	.debug_line,"",%progbits
 492              	.Ldebug_line0:
 493 0000 8E000000 		.section	.debug_str,"MS",%progbits,1
 493      02005100 
 493      00000201 
 493      FB0E0D00 
 493      01010101 
 494              	.LASF18:
 495 0000 49525F4E 		.ascii	"IR_NewKeyflag\000"
 495      65774B65 
 495      79666C61 
 495      6700
 496              	.LASF21:
 497 000e 7469636B 		.ascii	"tick_50us\000"
 497      5F353075 
 497      7300
 498              	.LASF22:
 499 0018 5441475F 		.ascii	"TAG_IRCODE\000"
 499      4952434F 
 499      444500
 500              	.LASF12:
 501 0023 666C6F61 		.ascii	"float\000"
 501      7400
 502              	.LASF7:
 503 0029 6C6F6E67 		.ascii	"long long unsigned int\000"
 503      206C6F6E 
 503      6720756E 
 503      7369676E 
 503      65642069 
 504              	.LASF1:
 505 0040 756E7369 		.ascii	"unsigned char\000"
 505      676E6564 
 505      20636861 
 505      7200
 506              	.LASF5:
 507 004e 6C6F6E67 		.ascii	"long unsigned int\000"
 507      20756E73 
 507      69676E65 
 507      6420696E 
 507      7400
 508              	.LASF9:
 509 0060 75696E74 		.ascii	"uint8\000"
 509      3800
 510              	.LASF26:
 511 0066 5F746167 		.ascii	"_tag_ircode\000"
 511      5F697263 
 511      6F646500 
 512              	.LASF24:
 513 0072 2E5C6D61 		.ascii	".\\main.c\000"
 513      696E2E63 
 513      00
ARM GAS  C:\Users\zpstrwy\AppData\Local\Temp\cc1pX5o7.s 			page 12


 514              	.LASF13:
 515 007b 646F7562 		.ascii	"double\000"
 515      6C6500
 516              	.LASF27:
 517 0082 6D61696E 		.ascii	"main\000"
 517      00
 518              	.LASF25:
 519 0087 433A5C55 		.ascii	"C:\\Users\\zpstrwy\\Documents\\PSoC Creator\\IRCode"
 519      73657273 
 519      5C7A7073 
 519      74727779 
 519      5C446F63 
 520 00b5 5C495243 		.ascii	"\\IRCode.cydsn\000"
 520      6F64652E 
 520      63796473 
 520      6E00
 521              	.LASF23:
 522 00c3 474E5520 		.ascii	"GNU C 4.9.3 20150303 (release) [ARM/embedded-4_9-br"
 522      4320342E 
 522      392E3320 
 522      32303135 
 522      30333033 
 523 00f6 616E6368 		.ascii	"anch revision 221220] -mcpu=cortex-m0 -mthumb -g -O"
 523      20726576 
 523      6973696F 
 523      6E203232 
 523      31323230 
 524 0129 30202D66 		.ascii	"0 -ffunction-sections -ffat-lto-objects\000"
 524      66756E63 
 524      74696F6E 
 524      2D736563 
 524      74696F6E 
 525              	.LASF10:
 526 0151 75696E74 		.ascii	"uint16\000"
 526      313600
 527              	.LASF11:
 528 0158 75696E74 		.ascii	"uint32\000"
 528      333200
 529              	.LASF8:
 530 015f 756E7369 		.ascii	"unsigned int\000"
 530      676E6564 
 530      20696E74 
 530      00
 531              	.LASF14:
 532 016c 63686172 		.ascii	"char\000"
 532      00
 533              	.LASF16:
 534 0171 49525F74 		.ascii	"IR_threshold\000"
 534      68726573 
 534      686F6C64 
 534      00
 535              	.LASF17:
 536 017e 49525F4B 		.ascii	"IR_Key\000"
 536      657900
 537              	.LASF20:
 538 0185 73747564 		.ascii	"study_flag\000"
 538      795F666C 
ARM GAS  C:\Users\zpstrwy\AppData\Local\Temp\cc1pX5o7.s 			page 13


 538      616700
 539              	.LASF15:
 540 0190 73697A65 		.ascii	"sizetype\000"
 540      74797065 
 540      00
 541              	.LASF6:
 542 0199 6C6F6E67 		.ascii	"long long int\000"
 542      206C6F6E 
 542      6720696E 
 542      7400
 543              	.LASF2:
 544 01a7 73686F72 		.ascii	"short int\000"
 544      7420696E 
 544      7400
 545              	.LASF19:
 546 01b1 6465636F 		.ascii	"decode_delta\000"
 546      64655F64 
 546      656C7461 
 546      00
 547              	.LASF4:
 548 01be 6C6F6E67 		.ascii	"long int\000"
 548      20696E74 
 548      00
 549              	.LASF0:
 550 01c7 7369676E 		.ascii	"signed char\000"
 550      65642063 
 550      68617200 
 551              	.LASF3:
 552 01d3 73686F72 		.ascii	"short unsigned int\000"
 552      7420756E 
 552      7369676E 
 552      65642069 
 552      6E7400
 553              	.LASF28:
 554 01e6 67746167 		.ascii	"gtag_ircode\000"
 554      5F697263 
 554      6F646500 
 555              		.ident	"GCC: (GNU Tools for ARM Embedded Processors) 4.9.3 20150303 (release) [ARM/embedded-4_9-br
