--------------- Rebuild Started: 08/27/2016 16:49:55 Project: BLE_FindMe01, Configuration: ARM GCC 4.9-2015-q1-update Debug ---------------
Deleting file ".\CortexM0\ARM_GCC_493\Debug\main.o"
Deleting file ".\CortexM0\ARM_GCC_493\Debug\ias.o"
Deleting file ".\CortexM0\ARM_GCC_493\Debug\IRCode.o"
Deleting file ".\CortexM0\ARM_GCC_493\Debug\Flash.o"
Deleting file ".\CortexM0\ARM_GCC_493\Debug\cyfitter_cfg.o"
Deleting file ".\CortexM0\ARM_GCC_493\Debug\cymetadata.o"
Deleting file ".\CortexM0\ARM_GCC_493\Debug\Advertising_LED.o"
Deleting file ".\CortexM0\ARM_GCC_493\Debug\Advertising_LED_PM.o"
Deleting file ".\CortexM0\ARM_GCC_493\Debug\BLE.o"
Deleting file ".\CortexM0\ARM_GCC_493\Debug\BLE_gatt.o"
Deleting file ".\CortexM0\ARM_GCC_493\Debug\BLE_eventHandler.o"
Deleting file ".\CortexM0\ARM_GCC_493\Debug\BLE_HAL_INT.o"
Deleting file ".\CortexM0\ARM_GCC_493\Debug\BLE_HAL_PVT.o"
Deleting file ".\CortexM0\ARM_GCC_493\Debug\Alert_LED.o"
Deleting file ".\CortexM0\ARM_GCC_493\Debug\Alert_LED_PM.o"
Deleting file ".\CortexM0\ARM_GCC_493\Debug\Disconnect_LED.o"
Deleting file ".\CortexM0\ARM_GCC_493\Debug\Disconnect_LED_PM.o"
Deleting file ".\CortexM0\ARM_GCC_493\Debug\BLE_bless_isr.o"
Deleting file ".\CortexM0\ARM_GCC_493\Debug\Cm0Start.o"
Deleting file ".\CortexM0\ARM_GCC_493\Debug\CyBootAsmGnu.o"
Deleting file ".\CortexM0\ARM_GCC_493\Debug\CyFlash.o"
Deleting file ".\CortexM0\ARM_GCC_493\Debug\CyLib.o"
Deleting file ".\CortexM0\ARM_GCC_493\Debug\cyPm.o"
Deleting file ".\CortexM0\ARM_GCC_493\Debug\cyutils.o"
Deleting file ".\CortexM0\ARM_GCC_493\Debug\CyLFClk.o"
Deleting file ".\CortexM0\ARM_GCC_493\Debug\Samp_DIN.o"
Deleting file ".\CortexM0\ARM_GCC_493\Debug\Samp_DIN_PM.o"
Deleting file ".\CortexM0\ARM_GCC_493\Debug\CTL_DOut.o"
Deleting file ".\CortexM0\ARM_GCC_493\Debug\CTL_DOut_PM.o"
Deleting file ".\CortexM0\ARM_GCC_493\Debug\ADC_SAP.o"
Deleting file ".\CortexM0\ARM_GCC_493\Debug\ADC_SAP_PM.o"
Deleting file ".\CortexM0\ARM_GCC_493\Debug\ADC_SAP_INT.o"
Deleting file ".\CortexM0\ARM_GCC_493\Debug\ADC_SAP_IRQ.o"
Deleting file ".\CortexM0\ARM_GCC_493\Debug\ADC_SAP_intClock.o"
Deleting file ".\CortexM0\ARM_GCC_493\Debug\Timer.o"
Deleting file ".\CortexM0\ARM_GCC_493\Debug\Timer_PM.o"
Deleting file ".\CortexM0\ARM_GCC_493\Debug\SW1.o"
Deleting file ".\CortexM0\ARM_GCC_493\Debug\SW1_PM.o"
Deleting file ".\CortexM0\ARM_GCC_493\Debug\PWM_SEND.o"
Deleting file ".\CortexM0\ARM_GCC_493\Debug\PWM_SEND_PM.o"
Deleting file ".\CortexM0\ARM_GCC_493\Debug\Clock_2.o"
Deleting file ".\CortexM0\ARM_GCC_493\Debug\BLE_uart_isr.o"
Deleting file ".\CortexM0\ARM_GCC_493\Debug\BLE_HAL_Uart.o"
Deleting file ".\CortexM0\ARM_GCC_493\Debug\BLE_HAL_Uart_SPI_UART.o"
Deleting file ".\CortexM0\ARM_GCC_493\Debug\BLE_HAL_Uart_SPI_UART_INT.o"
Deleting file ".\CortexM0\ARM_GCC_493\Debug\BLE_HAL_Uart_PM.o"
Deleting file ".\CortexM0\ARM_GCC_493\Debug\BLE_HAL_Uart_UART.o"
Deleting file ".\CortexM0\ARM_GCC_493\Debug\BLE_HAL_Uart_BOOT.o"
Deleting file ".\CortexM0\ARM_GCC_493\Debug\BLE_HAL_Uart_UART_BOOT.o"
Deleting file ".\CortexM0\ARM_GCC_493\Debug\BLE_HAL_Uart_SCBCLK.o"
Deleting file ".\CortexM0\ARM_GCC_493\Debug\BLE_HAL_Uart_tx.o"
Deleting file ".\CortexM0\ARM_GCC_493\Debug\BLE_HAL_Uart_tx_PM.o"
Deleting file ".\CortexM0\ARM_GCC_493\Debug\BLE_HAL_Uart_rx.o"
Deleting file ".\CortexM0\ARM_GCC_493\Debug\BLE_HAL_Uart_rx_PM.o"
Deleting file ".\CortexM0\ARM_GCC_493\Debug\BLE_HAL_Uart_cts.o"
Deleting file ".\CortexM0\ARM_GCC_493\Debug\BLE_HAL_Uart_cts_PM.o"
Deleting file ".\CortexM0\ARM_GCC_493\Debug\BLE_HAL_Uart_rts.o"
Deleting file ".\CortexM0\ARM_GCC_493\Debug\BLE_HAL_Uart_rts_PM.o"
Deleting file ".\CortexM0\ARM_GCC_493\Debug\BLE_FindMe01.hex"
Deleting file ".\CortexM0\ARM_GCC_493\Debug\BLE_FindMe01.elf"
Deleting file ".\CortexM0\ARM_GCC_493\Debug\BLE_FindMe01.map"
Deleting file ".\BLE_FindMe01.cycdx"
Deleting file ".\BLE_FindMe01.svd"
Deleting file ".\BLE_FindMe01.rpt"
Deleting file ".\BLE_FindMe01_timing.html"
Deleting file ".\CortexM0\ARM_GCC_493\Debug\.deps\C_FILE.P"
Deleting file ".\CortexM0\ARM_GCC_493\Debug\.deps\ARM_C_FILE.P"
Deleting file ".\CortexM0\ARM_GCC_493\Debug\.deps\GNU_ARM_ASM_FILE.P"
Build process unable to delete contents of code gen dir.  Error: Failed to delete C:\Users\zpstrwy\Documents\PSoC Creator\BLE_FindMe01\BLE_FindMe01.cydsn\codegentemp\BLE.c: 文件“C:\Users\zpstrwy\Documents\PSoC Creator\BLE_FindMe01\BLE_FindMe01.cydsn\codegentemp\BLE.c”正由另一进程使用，因此该进程无法访问此文件。
--------------- Rebuild Failed: 08/27/2016 16:49:55 ---------------
