#***************************************************************************

#sjplacer

#Version:            1.1

#Build Date:         Apr 25 2016 12:55:34

#File Generated:     Sep 1 2016 23:26:09

#Purpose:            

#Copyright (C) 2010-2011 by Softjin Technologies Pvt Ltd. All rights reserved.

#***************************************************************************

Executing : C:\Program Files\Cypress\PSoC Creator\3.3\PSoC Creator\bin/sjplacer.exe --proj-name IRCode --netlist-vh2 IRCode_p.vh2 --arch-file C:\Program Files\Cypress\PSoC Creator\3.3\PSoC Creator\dev/arch/p4_udb2x2.ark --rrg-file C:\Program Files\Cypress\PSoC Creator\3.3\PSoC Creator\dev/psoc4/3/route_arch-rrg.cydata --irq-file C:\Program Files\Cypress\PSoC Creator\3.3\PSoC Creator\dev/psoc4/3/irqconn.cydata --dsi-conn-file C:\Program Files\Cypress\PSoC Creator\3.3\PSoC Creator\dev/psoc4/3/dsiconn.cydata --pins-file pins_56-QFN.xml --lib-file IRCode_p.lib --sdc-file IRCode.sdc --io-pcf IRCode.pci --outdir .

		Softjin Techologies Placer, Version 1.1

Build Date : Apr 25 2016	12:53:53

D2004: Option and Settings Summary
=============================================================
Netlist vh2 file          - IRCode_p.vh2
Architecture file         - C:\Program Files\Cypress\PSoC Creator\3.3\PSoC Creator\dev/arch/p4_udb2x2.ark
Package                   - 
Defparam file             - 
SDC file                  - IRCode.sdc
Output directory          - .
Timing library            - IRCode_p.lib
IO Placement file         - IRCode.pci

D2050: Starting reading inputs for placer
=============================================================
D2065: Reading netlist file : "IRCode_p.vh2"
D2065: Reading arch file : "C:\Program Files\Cypress\PSoC Creator\3.3\PSoC Creator\dev/arch/p4_udb2x2.ark"
D2051: Reading of inputs for placer completed successfully

D2053: Starting placement of the design
=============================================================

Phase 2
Phase 3

Design Statistics after Packing
    Number of Combinational MCs 	:	1
    Number of Sequential MCs    	:	1
    Number of DPs               	:	2
    Number of Controls          	:	1
    Number of Status            	:	1
    Number of SyncCells         	:	0
    Number of count7cells       	:	0

Device Utilization Summary after Packing
    Macrocells                  :	2/32
    UDBS                        :	2/4
    IOs                         :	6/38


D2088: Phase 3, elapsed time : 0.0 (sec)

Phase 4
D2088: Phase 4, elapsed time : 0.0 (sec)

Phase 6

######################################################################
Placement Timing Summary

The timing summary is based on estimated routing delays after
placement. For final timing report, please carry out the timing
analysis after routing.
======================================================================

######################################################################
                     Clock Summary 
======================================================================
Number of clocks: 12
Clock: ADC_SAP_intClock     | Frequency: N/A       | Target:   6.0 MHz
Clock: ADC_SAP_intClock(FFB) | Frequency: N/A       | Target:   6.0 MHz
Clock: Clock_2              | Frequency: N/A       | Target:  12.0 MHz
Clock: Clock_2(FFB)         | Frequency: N/A       | Target:  12.0 MHz
Clock: CyECO                | Frequency: N/A       | Target:  24.0 MHz
Clock: CyHFCLK              | Frequency:  41.7 MHz | Target:  12.0 MHz
Clock: CyILO                | Frequency: N/A       | Target:   0.0 MHz
Clock: CyIMO                | Frequency: N/A       | Target:  12.0 MHz
Clock: CyLFCLK              | Frequency: N/A       | Target:   0.0 MHz
Clock: CyRouted1            | Frequency: N/A       | Target:  12.0 MHz
Clock: CySYSCLK             | Frequency: N/A       | Target:  12.0 MHz
Clock: CyWCO                | Frequency: N/A       | Target:   0.0 MHz

======================================================================
                     End of Clock Summary
######################################################################

D2088: Phase 6, elapsed time : 0.0 (sec)

Phase 7
######################################################################
                     Clock Summary 
======================================================================
Number of clocks: 12
Clock: ADC_SAP_intClock     | Frequency: N/A       | Target:   6.0 MHz
Clock: ADC_SAP_intClock(FFB) | Frequency: N/A       | Target:   6.0 MHz
Clock: Clock_2              | Frequency: N/A       | Target:  12.0 MHz
Clock: Clock_2(FFB)         | Frequency: N/A       | Target:  12.0 MHz
Clock: CyECO                | Frequency: N/A       | Target:  24.0 MHz
Clock: CyHFCLK              | Frequency:  41.7 MHz | Target:  12.0 MHz
Clock: CyILO                | Frequency: N/A       | Target:   0.0 MHz
Clock: CyIMO                | Frequency: N/A       | Target:  12.0 MHz
Clock: CyLFCLK              | Frequency: N/A       | Target:   0.0 MHz
Clock: CyRouted1            | Frequency: N/A       | Target:  12.0 MHz
Clock: CySYSCLK             | Frequency: N/A       | Target:  12.0 MHz
Clock: CyWCO                | Frequency: N/A       | Target:   0.0 MHz

======================================================================
                     End of Clock Summary
######################################################################
D2088: Phase 7, elapsed time : 1.5 (sec)

Final Design Statistics
    Number of Combinational MCs 	:	1
    Number of Sequential MCs    	:	1
    Number of DPs               	:	2
    Number of Controls          	:	1
    Number of Status            	:	1
    Number of SyncCells         	:	0
    Number of count7cells       	:	0
    Number of IOs       	:	6

Device Utilization Summary
    Macrocells                  :	2/32
    IOs                         :	6/38



######################################################################
Placement Timing Summary

The timing summary is based on estimated routing delays after
placement. For final timing report, please carry out the timing
analysis after routing.
======================================================================


######################################################################
                     Clock Summary 
======================================================================
Number of clocks: 12
Clock: ADC_SAP_intClock     | Frequency: N/A       | Target:   6.0 MHz
Clock: ADC_SAP_intClock(FFB) | Frequency: N/A       | Target:   6.0 MHz
Clock: Clock_2              | Frequency: N/A       | Target:  12.0 MHz
Clock: Clock_2(FFB)         | Frequency: N/A       | Target:  12.0 MHz
Clock: CyECO                | Frequency: N/A       | Target:  24.0 MHz
Clock: CyHFCLK              | Frequency:  41.7 MHz | Target:  13.2 MHz
Clock: CyILO                | Frequency: N/A       | Target:   0.0 MHz
Clock: CyIMO                | Frequency: N/A       | Target:  12.0 MHz
Clock: CyLFCLK              | Frequency: N/A       | Target:   0.0 MHz
Clock: CyRouted1            | Frequency: N/A       | Target:  12.0 MHz
Clock: CySYSCLK             | Frequency: N/A       | Target:  12.0 MHz
Clock: CyWCO                | Frequency: N/A       | Target:   0.0 MHz

======================================================================
                     End of Clock Summary
######################################################################

Phase 8
D2088: Phase 8, elapsed time : 0.0 (sec)

D2054: Placement of the design completed successfully

I2076: Total run-time: 3.2 sec.

